#
# There is insufficient memory for the Java Runtime Environment to continue.
# Native memory allocation (malloc) failed to allocate 476896 bytes for Chunk::new
# Possible reasons:
#   The system is out of physical RAM or swap space
#   The process is running with CompressedOops enabled, and the Java Heap may be blocking the growth of the native heap
# Possible solutions:
#   Reduce memory load on the system
#   Increase physical memory or swap space
#   Check if swap backing store is full
#   Decrease Java heap size (-Xmx/-Xms)
#   Decrease number of Java threads
#   Decrease Java thread stack sizes (-Xss)
#   Set larger code cache with -XX:ReservedCodeCacheSize=
#   JVM is running with Unscaled Compressed Oops mode in which the Java heap is
#     placed in the first 4GB address space. The Java Heap base address is the
#     maximum limit for the native heap growth. Please use -XX:HeapBaseMinAddress
#     to set the Java Heap base and to place the Java Heap above 4GB virtual address.
# This output file may be truncated or incomplete.
#
#  Out of Memory Error (arena.cpp:191), pid=8392, tid=17092
#
# JRE version: OpenJDK Runtime Environment Temurin-17.0.10+7 (17.0.10+7) (build 17.0.10+7)
# Java VM: OpenJDK 64-Bit Server VM Temurin-17.0.10+7 (17.0.10+7, mixed mode, tiered, compressed oops, compressed class ptrs, parallel gc, windows-amd64)
# No core dump will be written. Minidumps are not enabled by default on client versions of Windows
#

---------------  S U M M A R Y ------------

Command Line: --add-modules=ALL-SYSTEM --add-opens=java.base/java.util=ALL-UNNAMED --add-opens=java.base/java.lang=ALL-UNNAMED --add-opens=java.base/sun.nio.fs=ALL-UNNAMED -Declipse.application=org.eclipse.jdt.ls.core.id1 -Dosgi.bundles.defaultStartLevel=4 -Declipse.product=org.eclipse.jdt.ls.core.product -Djava.import.generatesMetadataFilesAtProjectRoot=false -DDetectVMInstallationsJob.disabled=true -Dfile.encoding=utf8 -XX:+UseParallelGC -XX:GCTimeRatio=4 -XX:AdaptiveSizePolicyWeight=90 -Dsun.zip.disableMemoryMapping=true -Xmx1G -Xms100m -Xlog:disable -javaagent:c:\Users\paulo\.vscode\extensions\redhat.java-1.27.0-win32-x64\lombok\lombok-1.18.31.jar c:\Users\paulo\.vscode\extensions\redhat.java-1.27.0-win32-x64\server\plugins\org.eclipse.equinox.launcher_1.6.700.v20231214-2017.jar -configuration c:\Users\paulo\AppData\Roaming\Code\User\globalStorage\redhat.java\1.27.0\config_ss_win -data c:\Users\paulo\AppData\Roaming\Code\User\workspaceStorage\9c48622b7dc99cda220db19437c6b508\redhat.java\ss_ws --stdio

Host: Intel(R) Core(TM) i3-10110U CPU @ 2.10GHz, 4 cores, 3G,  Windows 11 , 64 bit Build 22621 (10.0.22621.3085)
Time: Tue Feb  6 14:56:25 2024 Hora Padrão de Buenos Aires elapsed time: 6.489313 seconds (0d 0h 0m 6s)

---------------  T H R E A D  ---------------

Current thread (0x000001bc32781f50):  JavaThread "C2 CompilerThread0" daemon [_thread_in_native, id=17092, stack(0x000000a68b100000,0x000000a68b200000)]


Current CompileTask:
C2:   6489 2336       4       org.lombokweb.asm.ClassReader::readMethod (1066 bytes)

Stack: [0x000000a68b100000,0x000000a68b200000]
Native frames: (J=compiled Java code, j=interpreted, Vv=VM code, C=native code)
V  [jvm.dll+0x67d2c9]
V  [jvm.dll+0x834afa]
V  [jvm.dll+0x8365be]
V  [jvm.dll+0x836c23]
V  [jvm.dll+0x2477ff]
V  [jvm.dll+0xac514]
V  [jvm.dll+0xacb5c]
V  [jvm.dll+0x2aed1f]
V  [jvm.dll+0x584b67]
V  [jvm.dll+0x2228a2]
V  [jvm.dll+0x21b5cd]
V  [jvm.dll+0x219201]
V  [jvm.dll+0x1a502d]
V  [jvm.dll+0x2290de]
V  [jvm.dll+0x2272ac]
V  [jvm.dll+0x7e9bb7]
V  [jvm.dll+0x7e3fba]
V  [jvm.dll+0x67c1b5]
C  [ucrtbase.dll+0x29363]
C  [KERNEL32.DLL+0x1257d]
C  [ntdll.dll+0x5aa58]


---------------  P R O C E S S  ---------------

Threads class SMR info:
_java_thread_list=0x000001bc384fa8e0, length=21, elements={
0x000001bc1e90fab0, 0x000001bc3274c020, 0x000001bc3274db00, 0x000001bc3277d320,
0x000001bc3277dcf0, 0x000001bc3277e7c0, 0x000001bc3277f290, 0x000001bc32781f50,
0x000001bc3279b4d0, 0x000001bc3279e1a0, 0x000001bc1e972310, 0x000001bc37c8aa40,
0x000001bc37dbced0, 0x000001bc3859b710, 0x000001bc38747170, 0x000001bc384724a0,
0x000001bc3822b400, 0x000001bc381e7830, 0x000001bc381e7320, 0x000001bc381e63f0,
0x000001bc381e5ee0
}

Java Threads: ( => current thread )
  0x000001bc1e90fab0 JavaThread "main" [_thread_blocked, id=6060, stack(0x000000a68a700000,0x000000a68a800000)]
  0x000001bc3274c020 JavaThread "Reference Handler" daemon [_thread_blocked, id=1260, stack(0x000000a68ab00000,0x000000a68ac00000)]
  0x000001bc3274db00 JavaThread "Finalizer" daemon [_thread_blocked, id=17136, stack(0x000000a68ac00000,0x000000a68ad00000)]
  0x000001bc3277d320 JavaThread "Signal Dispatcher" daemon [_thread_blocked, id=11320, stack(0x000000a68ad00000,0x000000a68ae00000)]
  0x000001bc3277dcf0 JavaThread "Attach Listener" daemon [_thread_blocked, id=11924, stack(0x000000a68ae00000,0x000000a68af00000)]
  0x000001bc3277e7c0 JavaThread "Service Thread" daemon [_thread_blocked, id=6680, stack(0x000000a68af00000,0x000000a68b000000)]
  0x000001bc3277f290 JavaThread "Monitor Deflation Thread" daemon [_thread_blocked, id=10932, stack(0x000000a68b000000,0x000000a68b100000)]
=>0x000001bc32781f50 JavaThread "C2 CompilerThread0" daemon [_thread_in_native, id=17092, stack(0x000000a68b100000,0x000000a68b200000)]
  0x000001bc3279b4d0 JavaThread "C1 CompilerThread0" daemon [_thread_blocked, id=11964, stack(0x000000a68b200000,0x000000a68b300000)]
  0x000001bc3279e1a0 JavaThread "Sweeper thread" daemon [_thread_blocked, id=16340, stack(0x000000a68b300000,0x000000a68b400000)]
  0x000001bc1e972310 JavaThread "Common-Cleaner" daemon [_thread_blocked, id=15644, stack(0x000000a68b400000,0x000000a68b500000)]
  0x000001bc37c8aa40 JavaThread "Notification Thread" daemon [_thread_blocked, id=7908, stack(0x000000a68b500000,0x000000a68b600000)]
  0x000001bc37dbced0 JavaThread "Active Thread: Equinox Container: 3e500611-cad9-414b-99d5-55ddcccde727" [_thread_blocked, id=15140, stack(0x000000a68ba00000,0x000000a68bb00000)]
  0x000001bc3859b710 JavaThread "Framework Event Dispatcher: Equinox Container: 3e500611-cad9-414b-99d5-55ddcccde727" daemon [_thread_blocked, id=3160, stack(0x000000a68bb00000,0x000000a68bc00000)]
  0x000001bc38747170 JavaThread "Start Level: Equinox Container: 3e500611-cad9-414b-99d5-55ddcccde727" daemon [_thread_in_vm, id=17356, stack(0x000000a68bc00000,0x000000a68bd00000)]
  0x000001bc384724a0 JavaThread "SCR Component Actor" daemon [_thread_blocked, id=2008, stack(0x000000a68bd00000,0x000000a68be00000)]
  0x000001bc3822b400 JavaThread "SCR Component Registry" daemon [_thread_blocked, id=17352, stack(0x000000a68be00000,0x000000a68bf00000)]
  0x000001bc381e7830 JavaThread "Worker-JM" [_thread_blocked, id=14516, stack(0x000000a68bf00000,0x000000a68c000000)]
  0x000001bc381e7320 JavaThread "Worker-0" [_thread_blocked, id=1896, stack(0x000000a68c000000,0x000000a68c100000)]
  0x000001bc381e63f0 JavaThread "Worker-1" [_thread_blocked, id=5076, stack(0x000000a68c100000,0x000000a68c200000)]
  0x000001bc381e5ee0 JavaThread "Worker-2" [_thread_blocked, id=13632, stack(0x000000a68c200000,0x000000a68c300000)]

Other Threads:
  0x000001bc32737770 VMThread "VM Thread" [stack: 0x000000a68aa00000,0x000000a68ab00000] [id=16072]
  0x000001bc37c8bf50 WatcherThread [stack: 0x000000a68b600000,0x000000a68b700000] [id=13600]
  0x000001bc1e925070 GCTaskThread "GC Thread#0" [stack: 0x000000a68a900000,0x000000a68aa00000] [id=9056]
  0x000001bc38042010 GCTaskThread "GC Thread#1" [stack: 0x000000a68b700000,0x000000a68b800000] [id=9888]
  0x000001bc383cc8c0 GCTaskThread "GC Thread#2" [stack: 0x000000a68b800000,0x000000a68b900000] [id=13200]
  0x000001bc383ccb80 GCTaskThread "GC Thread#3" [stack: 0x000000a68b900000,0x000000a68ba00000] [id=2436]

Threads with active compile tasks:
C2 CompilerThread0     6515 2336       4       org.lombokweb.asm.ClassReader::readMethod (1066 bytes)

VM state: not at safepoint (normal execution)

VM Mutex/Monitor currently owned by a thread: None

Heap address: 0x00000000c0000000, size: 1024 MB, Compressed Oops mode: 32-bit

CDS archive(s) not mapped
Compressed class space mapped at: 0x0000000100000000-0x0000000140000000, reserved size: 1073741824
Narrow klass base: 0x0000000000000000, Narrow klass shift: 3, Narrow klass range: 0x140000000

GC Precious Log:
 CPUs: 4 total, 4 available
 Memory: 3930M
 Large Page Support: Disabled
 NUMA Support: Disabled
 Compressed Oops: Enabled (32-bit)
 Alignments: Space 512K, Generation 512K, Heap 2M
 Heap Min Capacity: 100M
 Heap Initial Capacity: 100M
 Heap Max Capacity: 1G
 Pre-touch: Disabled
 Parallel Workers: 4

Heap:
 PSYoungGen      total 26112K, used 4592K [0x00000000eab00000, 0x00000000ec880000, 0x0000000100000000)
  eden space 25088K, 15% used [0x00000000eab00000,0x00000000eaebf870,0x00000000ec380000)
  from space 1024K, 73% used [0x00000000ec400000,0x00000000ec4bc8d8,0x00000000ec500000)
  to   space 2560K, 0% used [0x00000000ec600000,0x00000000ec600000,0x00000000ec880000)
 ParOldGen       total 68608K, used 6642K [0x00000000c0000000, 0x00000000c4300000, 0x00000000eab00000)
  object space 68608K, 9% used [0x00000000c0000000,0x00000000c067c928,0x00000000c4300000)
 Metaspace       used 24844K, committed 25280K, reserved 1114112K
  class space    used 2434K, committed 2624K, reserved 1048576K

Card table byte_map: [0x000001bc1e2a0000,0x000001bc1e4b0000] _byte_map_base: 0x000001bc1dca0000

Marking Bits: (ParMarkBitMap*) 0x00007ff862c3d7d0
 Begin Bits: [0x000001bc305a0000, 0x000001bc315a0000)
 End Bits:   [0x000001bc315a0000, 0x000001bc325a0000)

Polling page: 0x000001bc1c790000

Metaspace:

Usage:
  Non-class:     21.88 MB used.
      Class:      2.38 MB used.
       Both:     24.26 MB used.

Virtual space:
  Non-class space:       64.00 MB reserved,      22.12 MB ( 35%) committed,  1 nodes.
      Class space:        1.00 GB reserved,       2.56 MB ( <1%) committed,  1 nodes.
             Both:        1.06 GB reserved,      24.69 MB (  2%) committed. 

Chunk freelists:
   Non-Class:  9.84 MB
       Class:  13.45 MB
        Both:  23.30 MB

MaxMetaspaceSize: unlimited
CompressedClassSpaceSize: 1.00 GB
Initial GC threshold: 21.00 MB
Current GC threshold: 35.00 MB
CDS: off
MetaspaceReclaimPolicy: balanced
 - commit_granule_bytes: 65536.
 - commit_granule_words: 8192.
 - virtual_space_node_default_size: 8388608.
 - enlarge_chunks_in_place: 1.
 - new_chunks_are_fully_committed: 0.
 - uncommit_free_chunks: 1.
 - use_allocation_guard: 0.
 - handle_deallocations: 1.


Internal statistics:

num_allocs_failed_limit: 3.
num_arena_births: 276.
num_arena_deaths: 14.
num_vsnodes_births: 2.
num_vsnodes_deaths: 0.
num_space_committed: 395.
num_space_uncommitted: 0.
num_chunks_returned_to_freelist: 17.
num_chunks_taken_from_freelist: 928.
num_chunk_merges: 5.
num_chunk_splits: 599.
num_chunks_enlarged: 422.
num_inconsistent_stats: 0.

CodeHeap 'non-profiled nmethods': size=120000Kb used=965Kb max_used=965Kb free=119034Kb
 bounds [0x000001bc29070000, 0x000001bc292e0000, 0x000001bc305a0000]
CodeHeap 'profiled nmethods': size=120000Kb used=4539Kb max_used=4539Kb free=115461Kb
 bounds [0x000001bc215a0000, 0x000001bc21a10000, 0x000001bc28ad0000]
CodeHeap 'non-nmethods': size=5760Kb used=1214Kb max_used=1214Kb free=4546Kb
 bounds [0x000001bc28ad0000, 0x000001bc28d40000, 0x000001bc29070000]
 total_blobs=2853 nmethods=2334 adapters=433
 compilation: enabled
              stopped_count=0, restarted_count=0
 full_count=0

Compilation events (20 events):
Event: 6.407 Thread 0x000001bc3279b4d0 2327       3       org.lombokweb.asm.ClassReader::createLabel (21 bytes)
Event: 6.407 Thread 0x000001bc3279b4d0 nmethod 2327 0x000001bc21a09d90 code [0x000001bc21a09f60, 0x000001bc21a0a398]
Event: 6.410 Thread 0x000001bc32781f50 nmethod 2324 0x000001bc29160d90 code [0x000001bc29160f20, 0x000001bc291612f8]
Event: 6.424 Thread 0x000001bc3279b4d0 2328       3       org.lombokweb.asm.SymbolTable::hash (14 bytes)
Event: 6.425 Thread 0x000001bc3279b4d0 nmethod 2328 0x000001bc21a0a590 code [0x000001bc21a0a720, 0x000001bc21a0a818]
Event: 6.425 Thread 0x000001bc3279b4d0 2329       3       org.lombokweb.asm.ByteVector::putUTF8 (144 bytes)
Event: 6.428 Thread 0x000001bc3279b4d0 nmethod 2329 0x000001bc21a0a890 code [0x000001bc21a0ab00, 0x000001bc21a0b608]
Event: 6.433 Thread 0x000001bc3279b4d0 2330   !   3       java.util.regex.Pattern::matcher (44 bytes)
Event: 6.433 Thread 0x000001bc3279b4d0 nmethod 2330 0x000001bc21a0bb10 code [0x000001bc21a0bcc0, 0x000001bc21a0c018]
Event: 6.433 Thread 0x000001bc3279b4d0 2331       3       java.util.regex.Matcher::<init> (95 bytes)
Event: 6.433 Thread 0x000001bc3279b4d0 nmethod 2331 0x000001bc21a0c190 code [0x000001bc21a0c360, 0x000001bc21a0c828]
Event: 6.434 Thread 0x000001bc3279b4d0 2332       3       lombok.patcher.Hook::convertType (64 bytes)
Event: 6.435 Thread 0x000001bc3279b4d0 nmethod 2332 0x000001bc21a0c990 code [0x000001bc21a0cbe0, 0x000001bc21a0d398]
Event: 6.435 Thread 0x000001bc3279b4d0 2333       3       org.lombokweb.asm.SymbolTable::addConstantFieldref (10 bytes)
Event: 6.435 Thread 0x000001bc3279b4d0 nmethod 2333 0x000001bc21a0d710 code [0x000001bc21a0d8a0, 0x000001bc21a0d9e8]
Event: 6.435 Thread 0x000001bc3279b4d0 2334       3       org.lombokweb.asm.Symbol::getArgumentsAndReturnSizes (23 bytes)
Event: 6.435 Thread 0x000001bc3279b4d0 nmethod 2334 0x000001bc21a0da90 code [0x000001bc21a0dc40, 0x000001bc21a0ddc8]
Event: 6.435 Thread 0x000001bc3279b4d0 2335       3       org.lombokweb.asm.MethodWriter::visitMethodInsn (191 bytes)
Event: 6.436 Thread 0x000001bc3279b4d0 nmethod 2335 0x000001bc21a0de90 code [0x000001bc21a0e0c0, 0x000001bc21a0e8c8]
Event: 6.437 Thread 0x000001bc32781f50 2336       4       org.lombokweb.asm.ClassReader::readMethod (1066 bytes)

GC Heap History (12 events):
Event: 2.613 GC heap before
{Heap before GC invocations=1 (full 0):
 PSYoungGen      total 29696K, used 25600K [0x00000000eab00000, 0x00000000ecc00000, 0x0000000100000000)
  eden space 25600K, 100% used [0x00000000eab00000,0x00000000ec400000,0x00000000ec400000)
  from space 4096K, 0% used [0x00000000ec800000,0x00000000ec800000,0x00000000ecc00000)
  to   space 4096K, 0% used [0x00000000ec400000,0x00000000ec400000,0x00000000ec800000)
 ParOldGen       total 68608K, used 0K [0x00000000c0000000, 0x00000000c4300000, 0x00000000eab00000)
  object space 68608K, 0% used [0x00000000c0000000,0x00000000c0000000,0x00000000c4300000)
 Metaspace       used 11026K, committed 11200K, reserved 1114112K
  class space    used 1098K, committed 1216K, reserved 1048576K
}
Event: 2.629 GC heap after
{Heap after GC invocations=1 (full 0):
 PSYoungGen      total 29696K, used 3205K [0x00000000eab00000, 0x00000000ecc00000, 0x0000000100000000)
  eden space 25600K, 0% used [0x00000000eab00000,0x00000000eab00000,0x00000000ec400000)
  from space 4096K, 78% used [0x00000000ec400000,0x00000000ec721710,0x00000000ec800000)
  to   space 4096K, 0% used [0x00000000ec800000,0x00000000ec800000,0x00000000ecc00000)
 ParOldGen       total 68608K, used 0K [0x00000000c0000000, 0x00000000c4300000, 0x00000000eab00000)
  object space 68608K, 0% used [0x00000000c0000000,0x00000000c0000000,0x00000000c4300000)
 Metaspace       used 11026K, committed 11200K, reserved 1114112K
  class space    used 1098K, committed 1216K, reserved 1048576K
}
Event: 4.166 GC heap before
{Heap before GC invocations=2 (full 0):
 PSYoungGen      total 29696K, used 28805K [0x00000000eab00000, 0x00000000ecc00000, 0x0000000100000000)
  eden space 25600K, 100% used [0x00000000eab00000,0x00000000ec400000,0x00000000ec400000)
  from space 4096K, 78% used [0x00000000ec400000,0x00000000ec721710,0x00000000ec800000)
  to   space 4096K, 0% used [0x00000000ec800000,0x00000000ec800000,0x00000000ecc00000)
 ParOldGen       total 68608K, used 0K [0x00000000c0000000, 0x00000000c4300000, 0x00000000eab00000)
  object space 68608K, 0% used [0x00000000c0000000,0x00000000c0000000,0x00000000c4300000)
 Metaspace       used 14966K, committed 15232K, reserved 1114112K
  class space    used 1519K, committed 1664K, reserved 1048576K
}
Event: 4.171 GC heap after
{Heap after GC invocations=2 (full 0):
 PSYoungGen      total 29696K, used 4073K [0x00000000eab00000, 0x00000000ecc00000, 0x0000000100000000)
  eden space 25600K, 0% used [0x00000000eab00000,0x00000000eab00000,0x00000000ec400000)
  from space 4096K, 99% used [0x00000000ec800000,0x00000000ecbfa640,0x00000000ecc00000)
  to   space 4096K, 0% used [0x00000000ec400000,0x00000000ec400000,0x00000000ec800000)
 ParOldGen       total 68608K, used 775K [0x00000000c0000000, 0x00000000c4300000, 0x00000000eab00000)
  object space 68608K, 1% used [0x00000000c0000000,0x00000000c00c1ee8,0x00000000c4300000)
 Metaspace       used 14966K, committed 15232K, reserved 1114112K
  class space    used 1519K, committed 1664K, reserved 1048576K
}
Event: 5.279 GC heap before
{Heap before GC invocations=3 (full 0):
 PSYoungGen      total 29696K, used 29673K [0x00000000eab00000, 0x00000000ecc00000, 0x0000000100000000)
  eden space 25600K, 100% used [0x00000000eab00000,0x00000000ec400000,0x00000000ec400000)
  from space 4096K, 99% used [0x00000000ec800000,0x00000000ecbfa640,0x00000000ecc00000)
  to   space 4096K, 0% used [0x00000000ec400000,0x00000000ec400000,0x00000000ec800000)
 ParOldGen       total 68608K, used 775K [0x00000000c0000000, 0x00000000c4300000, 0x00000000eab00000)
  object space 68608K, 1% used [0x00000000c0000000,0x00000000c00c1ee8,0x00000000c4300000)
 Metaspace       used 20033K, committed 20480K, reserved 1114112K
  class space    used 2042K, committed 2240K, reserved 1048576K
}
Event: 5.286 GC heap after
{Heap after GC invocations=3 (full 0):
 PSYoungGen      total 29696K, used 4080K [0x00000000eab00000, 0x00000000ecc00000, 0x0000000100000000)
  eden space 25600K, 0% used [0x00000000eab00000,0x00000000eab00000,0x00000000ec400000)
  from space 4096K, 99% used [0x00000000ec400000,0x00000000ec7fc060,0x00000000ec800000)
  to   space 4096K, 0% used [0x00000000ec800000,0x00000000ec800000,0x00000000ecc00000)
 ParOldGen       total 68608K, used 2579K [0x00000000c0000000, 0x00000000c4300000, 0x00000000eab00000)
  object space 68608K, 3% used [0x00000000c0000000,0x00000000c0284f48,0x00000000c4300000)
 Metaspace       used 20033K, committed 20480K, reserved 1114112K
  class space    used 2042K, committed 2240K, reserved 1048576K
}
Event: 5.518 GC heap before
{Heap before GC invocations=4 (full 0):
 PSYoungGen      total 29696K, used 10443K [0x00000000eab00000, 0x00000000ecc00000, 0x0000000100000000)
  eden space 25600K, 24% used [0x00000000eab00000,0x00000000eb136f80,0x00000000ec400000)
  from space 4096K, 99% used [0x00000000ec400000,0x00000000ec7fc060,0x00000000ec800000)
  to   space 4096K, 0% used [0x00000000ec800000,0x00000000ec800000,0x00000000ecc00000)
 ParOldGen       total 68608K, used 2579K [0x00000000c0000000, 0x00000000c4300000, 0x00000000eab00000)
  object space 68608K, 3% used [0x00000000c0000000,0x00000000c0284f48,0x00000000c4300000)
 Metaspace       used 21077K, committed 21504K, reserved 1114112K
  class space    used 2160K, committed 2368K, reserved 1048576K
}
Event: 5.523 GC heap after
{Heap after GC invocations=4 (full 0):
 PSYoungGen      total 29696K, used 4073K [0x00000000eab00000, 0x00000000ecc00000, 0x0000000100000000)
  eden space 25600K, 0% used [0x00000000eab00000,0x00000000eab00000,0x00000000ec400000)
  from space 4096K, 99% used [0x00000000ec800000,0x00000000ecbfa4c8,0x00000000ecc00000)
  to   space 4096K, 0% used [0x00000000ec400000,0x00000000ec400000,0x00000000ec800000)
 ParOldGen       total 68608K, used 2791K [0x00000000c0000000, 0x00000000c4300000, 0x00000000eab00000)
  object space 68608K, 4% used [0x00000000c0000000,0x00000000c02b9f58,0x00000000c4300000)
 Metaspace       used 21077K, committed 21504K, reserved 1114112K
  class space    used 2160K, committed 2368K, reserved 1048576K
}
Event: 5.523 GC heap before
{Heap before GC invocations=5 (full 1):
 PSYoungGen      total 29696K, used 4073K [0x00000000eab00000, 0x00000000ecc00000, 0x0000000100000000)
  eden space 25600K, 0% used [0x00000000eab00000,0x00000000eab00000,0x00000000ec400000)
  from space 4096K, 99% used [0x00000000ec800000,0x00000000ecbfa4c8,0x00000000ecc00000)
  to   space 4096K, 0% used [0x00000000ec400000,0x00000000ec400000,0x00000000ec800000)
 ParOldGen       total 68608K, used 2791K [0x00000000c0000000, 0x00000000c4300000, 0x00000000eab00000)
  object space 68608K, 4% used [0x00000000c0000000,0x00000000c02b9f58,0x00000000c4300000)
 Metaspace       used 21077K, committed 21504K, reserved 1114112K
  class space    used 2160K, committed 2368K, reserved 1048576K
}
Event: 5.551 GC heap after
{Heap after GC invocations=5 (full 1):
 PSYoungGen      total 29696K, used 0K [0x00000000eab00000, 0x00000000ecc00000, 0x0000000100000000)
  eden space 25600K, 0% used [0x00000000eab00000,0x00000000eab00000,0x00000000ec400000)
  from space 4096K, 0% used [0x00000000ec800000,0x00000000ec800000,0x00000000ecc00000)
  to   space 4096K, 0% used [0x00000000ec400000,0x00000000ec400000,0x00000000ec800000)
 ParOldGen       total 68608K, used 6642K [0x00000000c0000000, 0x00000000c4300000, 0x00000000eab00000)
  object space 68608K, 9% used [0x00000000c0000000,0x00000000c067c928,0x00000000c4300000)
 Metaspace       used 21063K, committed 21504K, reserved 1114112K
  class space    used 2156K, committed 2368K, reserved 1048576K
}
Event: 6.426 GC heap before
{Heap before GC invocations=6 (full 1):
 PSYoungGen      total 29696K, used 25600K [0x00000000eab00000, 0x00000000ecc00000, 0x0000000100000000)
  eden space 25600K, 100% used [0x00000000eab00000,0x00000000ec400000,0x00000000ec400000)
  from space 4096K, 0% used [0x00000000ec800000,0x00000000ec800000,0x00000000ecc00000)
  to   space 4096K, 0% used [0x00000000ec400000,0x00000000ec400000,0x00000000ec800000)
 ParOldGen       total 68608K, used 6642K [0x00000000c0000000, 0x00000000c4300000, 0x00000000eab00000)
  object space 68608K, 9% used [0x00000000c0000000,0x00000000c067c928,0x00000000c4300000)
 Metaspace       used 24147K, committed 24576K, reserved 1114112K
  class space    used 2364K, committed 2560K, reserved 1048576K
}
Event: 6.427 GC heap after
{Heap after GC invocations=6 (full 1):
 PSYoungGen      total 26112K, used 754K [0x00000000eab00000, 0x00000000ec880000, 0x0000000100000000)
  eden space 25088K, 0% used [0x00000000eab00000,0x00000000eab00000,0x00000000ec380000)
  from space 1024K, 73% used [0x00000000ec400000,0x00000000ec4bc8d8,0x00000000ec500000)
  to   space 2560K, 0% used [0x00000000ec600000,0x00000000ec600000,0x00000000ec880000)
 ParOldGen       total 68608K, used 6642K [0x00000000c0000000, 0x00000000c4300000, 0x00000000eab00000)
  object space 68608K, 9% used [0x00000000c0000000,0x00000000c067c928,0x00000000c4300000)
 Metaspace       used 24147K, committed 24576K, reserved 1114112K
  class space    used 2364K, committed 2560K, reserved 1048576K
}

Dll operation events (9 events):
Event: 0.067 Loaded shared library c:\Users\paulo\.vscode\extensions\redhat.java-1.27.0-win32-x64\jre\17.0.10-win32-x86_64\bin\java.dll
Event: 0.509 Loaded shared library c:\Users\paulo\.vscode\extensions\redhat.java-1.27.0-win32-x64\jre\17.0.10-win32-x86_64\bin\zip.dll
Event: 0.513 Loaded shared library C:\Users\paulo\.vscode\extensions\redhat.java-1.27.0-win32-x64\jre\17.0.10-win32-x86_64\bin\instrument.dll
Event: 0.530 Loaded shared library C:\Users\paulo\.vscode\extensions\redhat.java-1.27.0-win32-x64\jre\17.0.10-win32-x86_64\bin\net.dll
Event: 0.533 Loaded shared library C:\Users\paulo\.vscode\extensions\redhat.java-1.27.0-win32-x64\jre\17.0.10-win32-x86_64\bin\nio.dll
Event: 0.546 Loaded shared library C:\Users\paulo\.vscode\extensions\redhat.java-1.27.0-win32-x64\jre\17.0.10-win32-x86_64\bin\zip.dll
Event: 0.598 Loaded shared library C:\Users\paulo\.vscode\extensions\redhat.java-1.27.0-win32-x64\jre\17.0.10-win32-x86_64\bin\jimage.dll
Event: 0.738 Loaded shared library c:\Users\paulo\.vscode\extensions\redhat.java-1.27.0-win32-x64\jre\17.0.10-win32-x86_64\bin\verify.dll
Event: 3.845 Loaded shared library C:\Users\paulo\AppData\Roaming\Code\User\globalStorage\redhat.java\1.27.0\config_ss_win\org.eclipse.equinox.launcher\org.eclipse.equinox.launcher.win32.win32.x86_64_1.2.900.v20240129-1338\eclipse_11900.dll

Deoptimization events (20 events):
Event: 5.289 Thread 0x000001bc38747170 Uncommon trap: trap_request=0xffffffc6 fr.pc=0x000001bc291303e8 relative=0x0000000000001d48
Event: 5.289 Thread 0x000001bc38747170 Uncommon trap: reason=bimorphic_or_optimized_type_check action=maybe_recompile pc=0x000001bc291303e8 method=java.io.DataInputStream.readUnsignedShort()I @ 6 c2
Event: 5.289 Thread 0x000001bc38747170 DEOPT PACKING pc=0x000001bc291303e8 sp=0x000000a68bcf9340
Event: 5.289 Thread 0x000001bc38747170 DEOPT UNPACKING pc=0x000001bc28b266a3 sp=0x000000a68bcf92c0 mode 2
Event: 5.289 Thread 0x000001bc38747170 Uncommon trap: trap_request=0xffffffc6 fr.pc=0x000001bc291303e8 relative=0x0000000000001d48
Event: 5.289 Thread 0x000001bc38747170 Uncommon trap: reason=bimorphic_or_optimized_type_check action=maybe_recompile pc=0x000001bc291303e8 method=java.io.DataInputStream.readUnsignedShort()I @ 6 c2
Event: 5.289 Thread 0x000001bc38747170 DEOPT PACKING pc=0x000001bc291303e8 sp=0x000000a68bcf9280
Event: 5.289 Thread 0x000001bc38747170 DEOPT UNPACKING pc=0x000001bc28b266a3 sp=0x000000a68bcf9200 mode 2
Event: 5.289 Thread 0x000001bc38747170 Uncommon trap: trap_request=0xffffffc6 fr.pc=0x000001bc291303e8 relative=0x0000000000001d48
Event: 5.289 Thread 0x000001bc38747170 Uncommon trap: reason=bimorphic_or_optimized_type_check action=maybe_recompile pc=0x000001bc291303e8 method=java.io.DataInputStream.readUnsignedShort()I @ 6 c2
Event: 5.289 Thread 0x000001bc38747170 DEOPT PACKING pc=0x000001bc291303e8 sp=0x000000a68bcf91d0
Event: 5.289 Thread 0x000001bc38747170 DEOPT UNPACKING pc=0x000001bc28b266a3 sp=0x000000a68bcf9150 mode 2
Event: 5.289 Thread 0x000001bc38747170 Uncommon trap: trap_request=0xffffffc6 fr.pc=0x000001bc291369b8 relative=0x00000000000006d8
Event: 5.289 Thread 0x000001bc38747170 Uncommon trap: reason=bimorphic_or_optimized_type_check action=maybe_recompile pc=0x000001bc291369b8 method=java.io.DataInputStream.readUnsignedShort()I @ 6 c2
Event: 5.289 Thread 0x000001bc38747170 DEOPT PACKING pc=0x000001bc291369b8 sp=0x000000a68bcf9180
Event: 5.289 Thread 0x000001bc38747170 DEOPT UNPACKING pc=0x000001bc28b266a3 sp=0x000000a68bcf9148 mode 2
Event: 5.341 Thread 0x000001bc38747170 Uncommon trap: trap_request=0xffffff45 fr.pc=0x000001bc2910ee40 relative=0x0000000000000040
Event: 5.341 Thread 0x000001bc38747170 Uncommon trap: reason=unstable_if action=reinterpret pc=0x000001bc2910ee40 method=sun.nio.fs.WindowsPathParser.isSlash(C)Z @ 9 c2
Event: 5.341 Thread 0x000001bc38747170 DEOPT PACKING pc=0x000001bc2910ee40 sp=0x000000a68bcf9070
Event: 5.341 Thread 0x000001bc38747170 DEOPT UNPACKING pc=0x000001bc28b266a3 sp=0x000000a68bcf8ff8 mode 2

Classes unloaded (7 events):
Event: 5.529 Thread 0x000001bc32737770 Unloading class 0x000000010021a400 'java/lang/invoke/LambdaForm$MH+0x000000010021a400'
Event: 5.529 Thread 0x000001bc32737770 Unloading class 0x000000010021a000 'java/lang/invoke/LambdaForm$MH+0x000000010021a000'
Event: 5.529 Thread 0x000001bc32737770 Unloading class 0x0000000100219c00 'java/lang/invoke/LambdaForm$MH+0x0000000100219c00'
Event: 5.529 Thread 0x000001bc32737770 Unloading class 0x0000000100219800 'java/lang/invoke/LambdaForm$MH+0x0000000100219800'
Event: 5.529 Thread 0x000001bc32737770 Unloading class 0x0000000100219400 'java/lang/invoke/LambdaForm$BMH+0x0000000100219400'
Event: 5.529 Thread 0x000001bc32737770 Unloading class 0x0000000100219000 'java/lang/invoke/LambdaForm$DMH+0x0000000100219000'
Event: 5.529 Thread 0x000001bc32737770 Unloading class 0x0000000100214400 'java/lang/invoke/LambdaForm$DMH+0x0000000100214400'

Classes redefined (0 events):
No events

Internal exceptions (20 events):
Event: 5.072 Thread 0x000001bc38747170 Exception <a 'java/lang/NoSuchMethodError'{0x00000000ebef6748}: 'int java.lang.invoke.DirectMethodHandle$Holder.invokeStatic(java.lang.Object, java.lang.Object, int)'> (0x00000000ebef6748) 
thrown [s\src\hotspot\share\interpreter\linkResolver.cpp, line 759]
Event: 5.074 Thread 0x000001bc38747170 Exception <a 'java/lang/NoSuchMethodError'{0x00000000ebefa770}: 'int java.lang.invoke.DirectMethodHandle$Holder.invokeSpecial(java.lang.Object, java.lang.Object, java.lang.Object, int)'> (0x00000000ebefa770) 
thrown [s\src\hotspot\share\interpreter\linkResolver.cpp, line 759]
Event: 5.076 Thread 0x000001bc38747170 Exception <a 'java/lang/NoSuchMethodError'{0x00000000ebf15700}: 'java.lang.Object java.lang.invoke.DirectMethodHandle$Holder.invokeStatic(java.lang.Object, java.lang.Object, java.lang.Object, java.lang.Object, int)'> (0x00000000ebf15700) 
thrown [s\src\hotspot\share\interpreter\linkResolver.cpp, line 759]
Event: 5.090 Thread 0x000001bc38747170 Exception <a 'java/lang/NoSuchMethodError'{0x00000000ebf216f8}: 'java.lang.Object java.lang.invoke.DelegatingMethodHandle$Holder.reinvoke_L(java.lang.Object, java.lang.Object, java.lang.Object, java.lang.Object, int, int)'> (0x00000000ebf216f8) 
thrown [s\src\hotspot\share\interpreter\linkResolver.cpp, line 759]
Event: 5.103 Thread 0x000001bc38747170 Exception <a 'java/lang/NoSuchMethodError'{0x00000000ebf35ff0}: 'java.lang.Object java.lang.invoke.Invokers$Holder.invokeExact_MT(java.lang.Object, java.lang.Object, java.lang.Object, java.lang.Object)'> (0x00000000ebf35ff0) 
thrown [s\src\hotspot\share\interpreter\linkResolver.cpp, line 759]
Event: 5.217 Thread 0x000001bc38747170 Exception <a 'java/io/FileNotFoundException'{0x00000000ec1a6528}> (0x00000000ec1a6528) 
thrown [s\src\hotspot\share\prims\jni.cpp, line 516]
Event: 5.219 Thread 0x000001bc38747170 Exception <a 'java/io/FileNotFoundException'{0x00000000ec1acec8}> (0x00000000ec1acec8) 
thrown [s\src\hotspot\share\prims\jni.cpp, line 516]
Event: 5.293 Thread 0x000001bc38747170 Exception <a 'java/lang/NoSuchMethodError'{0x00000000eab31120}: 'java.lang.Object java.lang.invoke.DirectMethodHandle$Holder.newInvokeSpecial(java.lang.Object, java.lang.Object, java.lang.Object, java.lang.Object, java.lang.Object)'> (0x00000000eab31120) 
thrown [s\src\hotspot\share\interpreter\linkResolver.cpp, line 759]
Event: 5.434 Thread 0x000001bc38747170 Exception <a 'java/lang/NoSuchMethodError'{0x00000000eaf12218}: 'java.lang.Object java.lang.invoke.DirectMethodHandle$Holder.invokeSpecial(java.lang.Object, java.lang.Object, java.lang.Object, long, java.lang.Object)'> (0x00000000eaf12218) 
thrown [s\src\hotspot\share\interpreter\linkResolver.cpp, line 759]
Event: 5.435 Thread 0x000001bc38747170 Exception <a 'java/lang/NoSuchMethodError'{0x00000000eaf1a3d0}: 'java.lang.Object java.lang.invoke.DirectMethodHandle$Holder.newInvokeSpecial(java.lang.Object, java.lang.Object, java.lang.Object, long)'> (0x00000000eaf1a3d0) 
thrown [s\src\hotspot\share\interpreter\linkResolver.cpp, line 759]
Event: 5.437 Thread 0x000001bc38747170 Exception <a 'java/lang/NoSuchMethodError'{0x00000000eaf1e970}: 'java.lang.Object java.lang.invoke.DirectMethodHandle$Holder.invokeSpecial(java.lang.Object, java.lang.Object, java.lang.Object, java.lang.Object, long)'> (0x00000000eaf1e970) 
thrown [s\src\hotspot\share\interpreter\linkResolver.cpp, line 759]
Event: 5.437 Thread 0x000001bc38747170 Exception <a 'java/lang/NoSuchMethodError'{0x00000000eaf227e8}: 'java.lang.Object java.lang.invoke.Invokers$Holder.linkToTargetMethod(java.lang.Object, java.lang.Object, long, java.lang.Object)'> (0x00000000eaf227e8) 
thrown [s\src\hotspot\share\interpreter\linkResolver.cpp, line 759]
Event: 5.457 Thread 0x000001bc38747170 Exception <a 'java/lang/NoSuchMethodError'{0x00000000eaf80858}: 'int java.lang.invoke.DirectMethodHandle$Holder.invokeStaticInit(java.lang.Object, java.lang.Object, java.lang.Object)'> (0x00000000eaf80858) 
thrown [s\src\hotspot\share\interpreter\linkResolver.cpp, line 759]
Event: 5.465 Thread 0x000001bc38747170 Exception <a 'java/lang/IncompatibleClassChangeError'{0x00000000eb00c388}: Found class java.lang.Object, but interface was expected> (0x00000000eb00c388) 
thrown [s\src\hotspot\share\interpreter\linkResolver.cpp, line 826]
Event: 5.470 Thread 0x000001bc38747170 Exception <a 'java/lang/NoSuchMethodError'{0x00000000eb01f418}: 'java.lang.Object java.lang.invoke.DirectMethodHandle$Holder.invokeSpecial(java.lang.Object, java.lang.Object, java.lang.Object, int, java.lang.Object, java.lang.Object)'> (0x00000000eb01f418) 
thrown [s\src\hotspot\share\interpreter\linkResolver.cpp, line 759]
Event: 5.470 Thread 0x000001bc38747170 Exception <a 'java/lang/NoSuchMethodError'{0x00000000eb027ba0}: 'java.lang.Object java.lang.invoke.DirectMethodHandle$Holder.newInvokeSpecial(java.lang.Object, java.lang.Object, java.lang.Object, int, java.lang.Object)'> (0x00000000eb027ba0) 
thrown [s\src\hotspot\share\interpreter\linkResolver.cpp, line 759]
Event: 5.471 Thread 0x000001bc38747170 Exception <a 'java/lang/NoSuchMethodError'{0x00000000eb02bff8}: 'java.lang.Object java.lang.invoke.DirectMethodHandle$Holder.invokeSpecial(java.lang.Object, java.lang.Object, java.lang.Object, java.lang.Object, int, java.lang.Object)'> (0x00000000eb02bff8) 
thrown [s\src\hotspot\share\interpreter\linkResolver.cpp, line 759]
Event: 5.472 Thread 0x000001bc381e7320 Exception <a 'java/lang/NoSuchMethodError'{0x00000000eaf8a080}: 'java.lang.Object java.lang.invoke.DirectMethodHandle$Holder.invokeSpecial(java.lang.Object, java.lang.Object, int, java.lang.Object, java.lang.Object)'> (0x00000000eaf8a080) 
thrown [s\src\hotspot\share\interpreter\linkResolver.cpp, line 759]
Event: 5.473 Thread 0x000001bc381e7320 Exception <a 'java/lang/NoSuchMethodError'{0x00000000eaf91750}: 'java.lang.Object java.lang.invoke.DirectMethodHandle$Holder.newInvokeSpecial(java.lang.Object, java.lang.Object, int, java.lang.Object)'> (0x00000000eaf91750) 
thrown [s\src\hotspot\share\interpreter\linkResolver.cpp, line 759]
Event: 5.474 Thread 0x000001bc381e7320 Exception <a 'java/lang/NoSuchMethodError'{0x00000000eaf95260}: 'java.lang.Object java.lang.invoke.DirectMethodHandle$Holder.invokeSpecial(java.lang.Object, java.lang.Object, java.lang.Object, int, java.lang.Object)'> (0x00000000eaf95260) 
thrown [s\src\hotspot\share\interpreter\linkResolver.cpp, line 759]

VM Operations (20 events):
Event: 3.298 Executing VM operation: HandshakeAllThreads
Event: 3.298 Executing VM operation: HandshakeAllThreads done
Event: 4.111 Executing VM operation: HandshakeAllThreads
Event: 4.111 Executing VM operation: HandshakeAllThreads done
Event: 4.111 Executing VM operation: Cleanup
Event: 4.112 Executing VM operation: Cleanup done
Event: 4.166 Executing VM operation: ParallelGCFailedAllocation
Event: 4.171 Executing VM operation: ParallelGCFailedAllocation done
Event: 4.730 Executing VM operation: HandshakeAllThreads
Event: 4.730 Executing VM operation: HandshakeAllThreads done
Event: 5.068 Executing VM operation: HandshakeAllThreads
Event: 5.068 Executing VM operation: HandshakeAllThreads done
Event: 5.279 Executing VM operation: ParallelGCFailedAllocation
Event: 5.286 Executing VM operation: ParallelGCFailedAllocation done
Event: 5.507 Executing VM operation: HandshakeAllThreads
Event: 5.507 Executing VM operation: HandshakeAllThreads done
Event: 5.518 Executing VM operation: CollectForMetadataAllocation
Event: 5.551 Executing VM operation: CollectForMetadataAllocation done
Event: 6.425 Executing VM operation: ParallelGCFailedAllocation
Event: 6.427 Executing VM operation: ParallelGCFailedAllocation done

Events (20 events):
Event: 5.678 loading class java/io/StringReader done
Event: 5.682 loading class java/util/zip/GZIPInputStream
Event: 5.682 loading class java/util/zip/GZIPInputStream done
Event: 5.685 Thread 0x000001bc381e5ee0 Thread added: 0x000001bc381e5ee0
Event: 5.685 loading class java/net/SocketTimeoutException
Event: 5.685 loading class java/io/InterruptedIOException
Event: 5.685 loading class java/io/InterruptedIOException done
Event: 5.685 loading class java/net/SocketTimeoutException done
Event: 5.685 loading class java/net/SocketException
Event: 5.685 loading class java/net/SocketException done
Event: 5.685 loading class java/net/UnknownHostException
Event: 5.685 loading class java/net/UnknownHostException done
Event: 5.685 loading class java/net/ProtocolException
Event: 5.685 loading class java/net/ProtocolException done
Event: 5.706 loading class java/lang/ThreadLocal$SuppliedThreadLocal
Event: 5.706 loading class java/lang/ThreadLocal$SuppliedThreadLocal done
Event: 5.730 loading class java/io/FileWriter
Event: 5.731 loading class java/io/FileWriter done
Event: 5.731 loading class java/lang/NegativeArraySizeException
Event: 5.731 loading class java/lang/NegativeArraySizeException done


Dynamic libraries:
0x00007ff63e330000 - 0x00007ff63e33e000 	c:\Users\paulo\.vscode\extensions\redhat.java-1.27.0-win32-x64\jre\17.0.10-win32-x86_64\bin\java.exe
0x00007ff8cd070000 - 0x00007ff8cd287000 	C:\WINDOWS\SYSTEM32\ntdll.dll
0x00007ff8cc0d0000 - 0x00007ff8cc194000 	C:\WINDOWS\System32\KERNEL32.DLL
0x00007ff8ca7c0000 - 0x00007ff8cab66000 	C:\WINDOWS\System32\KERNELBASE.dll
0x00007ff8ca3b0000 - 0x00007ff8ca4c1000 	C:\WINDOWS\System32\ucrtbase.dll
0x00007ff8b21a0000 - 0x00007ff8b21b7000 	c:\Users\paulo\.vscode\extensions\redhat.java-1.27.0-win32-x64\jre\17.0.10-win32-x86_64\bin\jli.dll
0x00007ff8cb9d0000 - 0x00007ff8cbb7e000 	C:\WINDOWS\System32\USER32.dll
0x00007ff8ca620000 - 0x00007ff8ca646000 	C:\WINDOWS\System32\win32u.dll
0x00007ff8cbc30000 - 0x00007ff8cbc59000 	C:\WINDOWS\System32\GDI32.dll
0x00007ff8caca0000 - 0x00007ff8cadb8000 	C:\WINDOWS\System32\gdi32full.dll
0x00007ff8ca580000 - 0x00007ff8ca61a000 	C:\WINDOWS\System32\msvcp_win.dll
0x00007ff8a5200000 - 0x00007ff8a521b000 	c:\Users\paulo\.vscode\extensions\redhat.java-1.27.0-win32-x64\jre\17.0.10-win32-x86_64\bin\VCRUNTIME140.dll
0x00007ff8b1060000 - 0x00007ff8b12f3000 	C:\WINDOWS\WinSxS\amd64_microsoft.windows.common-controls_6595b64144ccf1df_6.0.22621.2506_none_270c5ae97388e100\COMCTL32.dll
0x00007ff8ccf80000 - 0x00007ff8cd027000 	C:\WINDOWS\System32\msvcrt.dll
0x00007ff8cb7f0000 - 0x00007ff8cb821000 	C:\WINDOWS\System32\IMM32.DLL
0x00007ff8afba0000 - 0x00007ff8afbac000 	c:\Users\paulo\.vscode\extensions\redhat.java-1.27.0-win32-x64\jre\17.0.10-win32-x86_64\bin\vcruntime140_1.dll
0x00007ff884bf0000 - 0x00007ff884c7d000 	c:\Users\paulo\.vscode\extensions\redhat.java-1.27.0-win32-x64\jre\17.0.10-win32-x86_64\bin\msvcp140.dll
0x00007ff8620a0000 - 0x00007ff862d02000 	c:\Users\paulo\.vscode\extensions\redhat.java-1.27.0-win32-x64\jre\17.0.10-win32-x86_64\bin\server\jvm.dll
0x00007ff8cbe40000 - 0x00007ff8cbef3000 	C:\WINDOWS\System32\ADVAPI32.dll
0x00007ff8cbb80000 - 0x00007ff8cbc28000 	C:\WINDOWS\System32\sechost.dll
0x00007ff8ca4d0000 - 0x00007ff8ca4f8000 	C:\WINDOWS\System32\bcrypt.dll
0x00007ff8cb5b0000 - 0x00007ff8cb6c7000 	C:\WINDOWS\System32\RPCRT4.dll
0x00007ff8ca020000 - 0x00007ff8ca06d000 	C:\WINDOWS\SYSTEM32\POWRPROF.dll
0x00007ff8c5c20000 - 0x00007ff8c5c29000 	C:\WINDOWS\SYSTEM32\WSOCK32.dll
0x00007ff8cbdc0000 - 0x00007ff8cbe31000 	C:\WINDOWS\System32\WS2_32.dll
0x00007ff8b7f30000 - 0x00007ff8b7f64000 	C:\WINDOWS\SYSTEM32\WINMM.dll
0x00007ff8c3490000 - 0x00007ff8c349a000 	C:\WINDOWS\SYSTEM32\VERSION.dll
0x00007ff8c9e20000 - 0x00007ff8c9e33000 	C:\WINDOWS\SYSTEM32\UMPDC.dll
0x00007ff8c93b0000 - 0x00007ff8c93c8000 	C:\WINDOWS\SYSTEM32\kernel.appcore.dll
0x00007ff8ae950000 - 0x00007ff8ae95a000 	c:\Users\paulo\.vscode\extensions\redhat.java-1.27.0-win32-x64\jre\17.0.10-win32-x86_64\bin\jimage.dll
0x00007ff8c3c40000 - 0x00007ff8c3e73000 	C:\WINDOWS\SYSTEM32\DBGHELP.DLL
0x00007ff8ccbc0000 - 0x00007ff8ccf49000 	C:\WINDOWS\System32\combase.dll
0x00007ff8cb890000 - 0x00007ff8cb967000 	C:\WINDOWS\System32\OLEAUT32.dll
0x00007ff8b1020000 - 0x00007ff8b1052000 	C:\WINDOWS\SYSTEM32\dbgcore.DLL
0x00007ff8ca500000 - 0x00007ff8ca57a000 	C:\WINDOWS\System32\bcryptPrimitives.dll
0x00007ff8ae8c0000 - 0x00007ff8ae8ce000 	c:\Users\paulo\.vscode\extensions\redhat.java-1.27.0-win32-x64\jre\17.0.10-win32-x86_64\bin\instrument.dll
0x00007ff8a3700000 - 0x00007ff8a3725000 	c:\Users\paulo\.vscode\extensions\redhat.java-1.27.0-win32-x64\jre\17.0.10-win32-x86_64\bin\java.dll
0x00007ff8a4c10000 - 0x00007ff8a4c28000 	c:\Users\paulo\.vscode\extensions\redhat.java-1.27.0-win32-x64\jre\17.0.10-win32-x86_64\bin\zip.dll
0x00007ff8cc1a0000 - 0x00007ff8cc9fb000 	C:\WINDOWS\System32\SHELL32.dll
0x00007ff8c82c0000 - 0x00007ff8c8bb6000 	C:\WINDOWS\SYSTEM32\windows.storage.dll
0x00007ff8c8180000 - 0x00007ff8c82be000 	C:\WINDOWS\SYSTEM32\wintypes.dll
0x00007ff8cbfd0000 - 0x00007ff8cc0c3000 	C:\WINDOWS\System32\SHCORE.dll
0x00007ff8cb830000 - 0x00007ff8cb88e000 	C:\WINDOWS\System32\shlwapi.dll
0x00007ff8ca2e0000 - 0x00007ff8ca306000 	C:\WINDOWS\SYSTEM32\profapi.dll
0x00007ff8a3320000 - 0x00007ff8a3339000 	C:\Users\paulo\.vscode\extensions\redhat.java-1.27.0-win32-x64\jre\17.0.10-win32-x86_64\bin\net.dll
0x00007ff8c4260000 - 0x00007ff8c4397000 	C:\WINDOWS\SYSTEM32\WINHTTP.dll
0x00007ff8c9830000 - 0x00007ff8c9899000 	C:\WINDOWS\system32\mswsock.dll
0x00007ff89dcb0000 - 0x00007ff89dcc6000 	C:\Users\paulo\.vscode\extensions\redhat.java-1.27.0-win32-x64\jre\17.0.10-win32-x86_64\bin\nio.dll
0x00007ff8ab8d0000 - 0x00007ff8ab8e0000 	c:\Users\paulo\.vscode\extensions\redhat.java-1.27.0-win32-x64\jre\17.0.10-win32-x86_64\bin\verify.dll
0x00007ff88a480000 - 0x00007ff88a4be000 	C:\Users\paulo\AppData\Roaming\Code\User\globalStorage\redhat.java\1.27.0\config_ss_win\org.eclipse.equinox.launcher\org.eclipse.equinox.launcher.win32.win32.x86_64_1.2.900.v20240129-1338\eclipse_11900.dll
0x00007ff8cae10000 - 0x00007ff8cafb0000 	C:\WINDOWS\System32\ole32.dll

dbghelp: loaded successfully - version: 4.0.5 - missing functions: none
symbol engine: initialized successfully - sym options: 0x614 - pdb path: .;c:\Users\paulo\.vscode\extensions\redhat.java-1.27.0-win32-x64\jre\17.0.10-win32-x86_64\bin;C:\WINDOWS\SYSTEM32;C:\WINDOWS\WinSxS\amd64_microsoft.windows.common-controls_6595b64144ccf1df_6.0.22621.2506_none_270c5ae97388e100;c:\Users\paulo\.vscode\extensions\redhat.java-1.27.0-win32-x64\jre\17.0.10-win32-x86_64\bin\server;C:\Users\paulo\AppData\Roaming\Code\User\globalStorage\redhat.java\1.27.0\config_ss_win\org.eclipse.equinox.launcher\org.eclipse.equinox.launcher.win32.win32.x86_64_1.2.900.v20240129-1338

VM Arguments:
jvm_args: --add-modules=ALL-SYSTEM --add-opens=java.base/java.util=ALL-UNNAMED --add-opens=java.base/java.lang=ALL-UNNAMED --add-opens=java.base/sun.nio.fs=ALL-UNNAMED -Declipse.application=org.eclipse.jdt.ls.core.id1 -Dosgi.bundles.defaultStartLevel=4 -Declipse.product=org.eclipse.jdt.ls.core.product -Djava.import.generatesMetadataFilesAtProjectRoot=false -DDetectVMInstallationsJob.disabled=true -Dfile.encoding=utf8 -XX:+UseParallelGC -XX:GCTimeRatio=4 -XX:AdaptiveSizePolicyWeight=90 -Dsun.zip.disableMemoryMapping=true -Xmx1G -Xms100m -Xlog:disable -javaagent:c:\Users\paulo\.vscode\extensions\redhat.java-1.27.0-win32-x64\lombok\lombok-1.18.31.jar 
java_command: c:\Users\paulo\.vscode\extensions\redhat.java-1.27.0-win32-x64\server\plugins\org.eclipse.equinox.launcher_1.6.700.v20231214-2017.jar -configuration c:\Users\paulo\AppData\Roaming\Code\User\globalStorage\redhat.java\1.27.0\config_ss_win -data c:\Users\paulo\AppData\Roaming\Code\User\workspaceStorage\9c48622b7dc99cda220db19437c6b508\redhat.java\ss_ws --stdio
java_class_path (initial): c:\Users\paulo\.vscode\extensions\redhat.java-1.27.0-win32-x64\server\plugins\org.eclipse.equinox.launcher_1.6.700.v20231214-2017.jar
Launcher Type: SUN_STANDARD

[Global flags]
    uintx AdaptiveSizePolicyWeight                 = 90                                        {product} {command line}
     intx CICompilerCount                          = 3                                         {product} {ergonomic}
    uintx GCTimeRatio                              = 4                                         {product} {command line}
   size_t InitialHeapSize                          = 104857600                                 {product} {command line}
   size_t MaxHeapSize                              = 1073741824                                {product} {command line}
   size_t MaxNewSize                               = 357564416                                 {product} {ergonomic}
   size_t MinHeapDeltaBytes                        = 524288                                    {product} {ergonomic}
   size_t MinHeapSize                              = 104857600                                 {product} {command line}
   size_t NewSize                                  = 34603008                                  {product} {ergonomic}
    uintx NonNMethodCodeHeapSize                   = 5832780                                {pd product} {ergonomic}
    uintx NonProfiledCodeHeapSize                  = 122912730                              {pd product} {ergonomic}
   size_t OldSize                                  = 70254592                                  {product} {ergonomic}
    uintx ProfiledCodeHeapSize                     = 122912730                              {pd product} {ergonomic}
    uintx ReservedCodeCacheSize                    = 251658240                              {pd product} {ergonomic}
     bool SegmentedCodeCache                       = true                                      {product} {ergonomic}
   size_t SoftMaxHeapSize                          = 1073741824                             {manageable} {ergonomic}
     bool UseCompressedClassPointers               = true                           {product lp64_product} {ergonomic}
     bool UseCompressedOops                        = true                           {product lp64_product} {ergonomic}
     bool UseLargePagesIndividualAllocation        = false                                  {pd product} {ergonomic}
     bool UseParallelGC                            = true                                      {product} {command line}

Logging:
Log output configuration:
 #0: stdout all=off uptime,level,tags
 #1: stderr all=off uptime,level,tags

Environment Variables:
JAVA_HOME=C:\Program Files\Java\jdk-17
PATH=C:\Program Files\Common Files\Oracle\Java\javapath;C:\Program Files\Amazon Corretto\jdk17.0.7_7\bin;C:\Program Files (x86)\Common Files\Oracle\Java\javapath;C:\php;C:\WINDOWS\System32\OpenSSH\;C:\Program Files\dotnet\;C:\Program Files\nodejs\;C:\Program Files\Git\cmd;C:\Program Files\MATLAB\R2023b\runtime\win64;C:\Program Files\MATLAB\R2023b\bin;C:\Program Files (x86)\Microsoft SQL Server\160\Tools\Binn\;C:\Program Files\Microsoft SQL Server\160\Tools\Binn\;C:\Program Files\Microsoft SQL Server\Client SDK\ODBC\170\Tools\Binn\;C:\Program Files\Microsoft SQL Server\160\DTS\Binn\;C:\Program Files (x86)\Microsoft SQL Server\160\DTS\Binn\;C:\Program Files\Azure Data Studio\bin;C:\Program Files\PowerShell\7\;C:\Program Files\Docker\Docker\resources\bin;C:\Program Files\MySQL\MySQL Shell 8.3\bin\;C:\Users\paulo\AppData\Local\Programs\Python\Python310\;C:\Users\paulo\AppData\Local\Microsoft\WindowsApps;C:\php;C:\Users\paulo\AppData\Local\Programs\Microsoft VS Code\bin;C:\Users\paulo\.dotnet\tools;C:\Program Files\Azure Data Studio\bin;C:\apache-maven-3.9.6\bin;C:\Program Files\Java\jdk-17\bin;
USERNAME=paulo
OS=Windows_NT
PROCESSOR_IDENTIFIER=Intel64 Family 6 Model 142 Stepping 12, GenuineIntel
TMP=C:\Users\paulo\AppData\Local\Temp
TEMP=C:\Users\paulo\AppData\Local\Temp



Periodic native trim disabled


---------------  S Y S T E M  ---------------

OS:
 Windows 11 , 64 bit Build 22621 (10.0.22621.3085)
OS uptime: 4 days 2:53 hours
Hyper-V role detected

CPU: total 4 (initial active 4) (2 cores per cpu, 2 threads per core) family 6 model 142 stepping 12 microcode 0xec, cx8, cmov, fxsr, ht, mmx, 3dnowpref, sse, sse2, sse3, ssse3, sse4.1, sse4.2, popcnt, lzcnt, tsc, tscinvbit, avx, avx2, aes, erms, clmul, bmi1, bmi2, adx, fma, vzeroupper, clflush, clflushopt, hv
Processor Information for processor 0
  Max Mhz: 2592, Current Mhz: 1495, Mhz Limit: 2073
Processor Information for processor 1
  Max Mhz: 2592, Current Mhz: 2093, Mhz Limit: 2073
Processor Information for processor 2
  Max Mhz: 2592, Current Mhz: 2093, Mhz Limit: 2073
Processor Information for processor 3
  Max Mhz: 2592, Current Mhz: 2093, Mhz Limit: 2073

Memory: 4k page, system-wide physical 3930M (59M free)
TotalPageFile size 16218M (AvailPageFile size 0M)
current process WorkingSet (physical memory assigned to process): 112M, peak: 112M
current process commit charge ("private bytes"): 208M, peak: 208M

vm_info: OpenJDK 64-Bit Server VM (17.0.10+7) for windows-amd64 JRE (17.0.10+7), built on Jan 16 2024 23:25:11 by "admin" with MS VC++ 16.10 / 16.11 (VS2019)

END.
