#
# There is insufficient memory for the Java Runtime Environment to continue.
# Native memory allocation (malloc) failed to allocate 1290624 bytes for Chunk::new
# Possible reasons:
#   The system is out of physical RAM or swap space
#   The process is running with CompressedOops enabled, and the Java Heap may be blocking the growth of the native heap
# Possible solutions:
#   Reduce memory load on the system
#   Increase physical memory or swap space
#   Check if swap backing store is full
#   Decrease Java heap size (-Xmx/-Xms)
#   Decrease number of Java threads
#   Decrease Java thread stack sizes (-Xss)
#   Set larger code cache with -XX:ReservedCodeCacheSize=
#   JVM is running with Unscaled Compressed Oops mode in which the Java heap is
#     placed in the first 4GB address space. The Java Heap base address is the
#     maximum limit for the native heap growth. Please use -XX:HeapBaseMinAddress
#     to set the Java Heap base and to place the Java Heap above 4GB virtual address.
# This output file may be truncated or incomplete.
#
#  Out of Memory Error (arena.cpp:191), pid=11520, tid=3020
#
# JRE version: OpenJDK Runtime Environment Temurin-17.0.10+7 (17.0.10+7) (build 17.0.10+7)
# Java VM: OpenJDK 64-Bit Server VM Temurin-17.0.10+7 (17.0.10+7, mixed mode, tiered, compressed oops, compressed class ptrs, parallel gc, windows-amd64)
# No core dump will be written. Minidumps are not enabled by default on client versions of Windows
#

---------------  S U M M A R Y ------------

Command Line: --add-modules=ALL-SYSTEM --add-opens=java.base/java.util=ALL-UNNAMED --add-opens=java.base/java.lang=ALL-UNNAMED --add-opens=java.base/sun.nio.fs=ALL-UNNAMED -Declipse.application=org.eclipse.jdt.ls.core.id1 -Dosgi.bundles.defaultStartLevel=4 -Declipse.product=org.eclipse.jdt.ls.core.product -Djava.import.generatesMetadataFilesAtProjectRoot=false -DDetectVMInstallationsJob.disabled=true -Dfile.encoding=utf8 -XX:+UseParallelGC -XX:GCTimeRatio=4 -XX:AdaptiveSizePolicyWeight=90 -Dsun.zip.disableMemoryMapping=true -Xmx1G -Xms100m -Xlog:disable -javaagent:c:\Users\paulo\.vscode\extensions\redhat.java-1.27.0-win32-x64\lombok\lombok-1.18.31.jar c:\Users\paulo\.vscode\extensions\redhat.java-1.27.0-win32-x64\server\plugins\org.eclipse.equinox.launcher_1.6.700.v20231214-2017.jar -configuration c:\Users\paulo\AppData\Roaming\Code\User\globalStorage\redhat.java\1.27.0\config_ss_win -data c:\Users\paulo\AppData\Roaming\Code\User\workspaceStorage\9c48622b7dc99cda220db19437c6b508\redhat.java\ss_ws --stdio

Host: Intel(R) Core(TM) i3-10110U CPU @ 2.10GHz, 4 cores, 3G,  Windows 11 , 64 bit Build 22621 (10.0.22621.3085)
Time: Tue Feb  6 14:56:19 2024 Hora Padrão de Buenos Aires elapsed time: 8.426899 seconds (0d 0h 0m 8s)

---------------  T H R E A D  ---------------

Current thread (0x000002b1cf1891b0):  JavaThread "C2 CompilerThread0" daemon [_thread_in_native, id=3020, stack(0x000000d1fa300000,0x000000d1fa400000)]


Current CompileTask:
C2:   8426 2352       4       org.lombokweb.asm.ClassReader::readMethod (1066 bytes)

Stack: [0x000000d1fa300000,0x000000d1fa400000]
Native frames: (J=compiled Java code, j=interpreted, Vv=VM code, C=native code)
V  [jvm.dll+0x67d2c9]
V  [jvm.dll+0x834afa]
V  [jvm.dll+0x8365be]
V  [jvm.dll+0x836c23]
V  [jvm.dll+0x2477ff]
V  [jvm.dll+0xac514]
V  [jvm.dll+0xacb5c]
V  [jvm.dll+0x3667d7]
V  [jvm.dll+0x330bfa]
V  [jvm.dll+0x33009a]
V  [jvm.dll+0x219ef1]
V  [jvm.dll+0x219311]
V  [jvm.dll+0x1a502d]
V  [jvm.dll+0x2290de]
V  [jvm.dll+0x2272ac]
V  [jvm.dll+0x7e9bb7]
V  [jvm.dll+0x7e3fba]
V  [jvm.dll+0x67c1b5]
C  [ucrtbase.dll+0x29363]
C  [KERNEL32.DLL+0x1257d]
C  [ntdll.dll+0x5aa58]


---------------  P R O C E S S  ---------------

Threads class SMR info:
_java_thread_list=0x000002b1d51c4e90, length=20, elements={
0x000002b1b93cfab0, 0x000002b1cf14c020, 0x000002b1cf14e2a0, 0x000002b1cf168e80,
0x000002b1cf182a40, 0x000002b1cf183600, 0x000002b1cf1841c0, 0x000002b1cf1891b0,
0x000002b1cf19bd90, 0x000002b1cf19ea60, 0x000002b1d4439cb0, 0x000002b1d46453a0,
0x000002b1d4b615f0, 0x000002b1d4c49440, 0x000002b1d4c49bf0, 0x000002b1d51538b0,
0x000002b1d4c8a430, 0x000002b1d4a33400, 0x000002b1d4a31ab0, 0x000002b1d4a32ef0
}

Java Threads: ( => current thread )
  0x000002b1b93cfab0 JavaThread "main" [_thread_blocked, id=468, stack(0x000000d1f9900000,0x000000d1f9a00000)]
  0x000002b1cf14c020 JavaThread "Reference Handler" daemon [_thread_blocked, id=16984, stack(0x000000d1f9d00000,0x000000d1f9e00000)]
  0x000002b1cf14e2a0 JavaThread "Finalizer" daemon [_thread_blocked, id=3712, stack(0x000000d1f9e00000,0x000000d1f9f00000)]
  0x000002b1cf168e80 JavaThread "Signal Dispatcher" daemon [_thread_blocked, id=7884, stack(0x000000d1f9f00000,0x000000d1fa000000)]
  0x000002b1cf182a40 JavaThread "Attach Listener" daemon [_thread_blocked, id=3636, stack(0x000000d1fa000000,0x000000d1fa100000)]
  0x000002b1cf183600 JavaThread "Service Thread" daemon [_thread_blocked, id=17480, stack(0x000000d1fa100000,0x000000d1fa200000)]
  0x000002b1cf1841c0 JavaThread "Monitor Deflation Thread" daemon [_thread_blocked, id=4188, stack(0x000000d1fa200000,0x000000d1fa300000)]
=>0x000002b1cf1891b0 JavaThread "C2 CompilerThread0" daemon [_thread_in_native, id=3020, stack(0x000000d1fa300000,0x000000d1fa400000)]
  0x000002b1cf19bd90 JavaThread "C1 CompilerThread0" daemon [_thread_blocked, id=13068, stack(0x000000d1fa400000,0x000000d1fa500000)]
  0x000002b1cf19ea60 JavaThread "Sweeper thread" daemon [_thread_blocked, id=16612, stack(0x000000d1fa500000,0x000000d1fa600000)]
  0x000002b1d4439cb0 JavaThread "Common-Cleaner" daemon [_thread_blocked, id=16940, stack(0x000000d1fa600000,0x000000d1fa700000)]
  0x000002b1d46453a0 JavaThread "Notification Thread" daemon [_thread_blocked, id=17736, stack(0x000000d1fa700000,0x000000d1fa800000)]
  0x000002b1d4b615f0 JavaThread "Active Thread: Equinox Container: 9d1dcfb4-92cc-4c98-90ba-341becb94654" [_thread_blocked, id=7868, stack(0x000000d1fac00000,0x000000d1fad00000)]
  0x000002b1d4c49440 JavaThread "Framework Event Dispatcher: Equinox Container: 9d1dcfb4-92cc-4c98-90ba-341becb94654" daemon [_thread_blocked, id=12052, stack(0x000000d1fad00000,0x000000d1fae00000)]
  0x000002b1d4c49bf0 JavaThread "Start Level: Equinox Container: 9d1dcfb4-92cc-4c98-90ba-341becb94654" daemon [_thread_in_vm, id=13540, stack(0x000000d1fae00000,0x000000d1faf00000)]
  0x000002b1d51538b0 JavaThread "SCR Component Actor" daemon [_thread_blocked, id=17368, stack(0x000000d1faf00000,0x000000d1fb000000)]
  0x000002b1d4c8a430 JavaThread "SCR Component Registry" daemon [_thread_blocked, id=15752, stack(0x000000d1fb000000,0x000000d1fb100000)]
  0x000002b1d4a33400 JavaThread "Worker-JM" [_thread_blocked, id=5820, stack(0x000000d1fb100000,0x000000d1fb200000)]
  0x000002b1d4a31ab0 JavaThread "Worker-0" [_thread_blocked, id=4412, stack(0x000000d1fb200000,0x000000d1fb300000)]
  0x000002b1d4a32ef0 JavaThread "Worker-1" [_thread_blocked, id=12128, stack(0x000000d1fb300000,0x000000d1fb400000)]

Other Threads:
  0x000002b1cf137770 VMThread "VM Thread" [stack: 0x000000d1f9c00000,0x000000d1f9d00000] [id=5660]
  0x000002b1d4664fa0 WatcherThread [stack: 0x000000d1fa800000,0x000000d1fa900000] [id=8408]
  0x000002b1b93e5070 GCTaskThread "GC Thread#0" [stack: 0x000000d1f9b00000,0x000000d1f9c00000] [id=3308]
  0x000002b1d4c066c0 GCTaskThread "GC Thread#1" [stack: 0x000000d1fa900000,0x000000d1faa00000] [id=14436]
  0x000002b1d4c06980 GCTaskThread "GC Thread#2" [stack: 0x000000d1faa00000,0x000000d1fab00000] [id=988]
  0x000002b1d4c06c40 GCTaskThread "GC Thread#3" [stack: 0x000000d1fab00000,0x000000d1fac00000] [id=6972]

Threads with active compile tasks:
C2 CompilerThread0     8468 2352       4       org.lombokweb.asm.ClassReader::readMethod (1066 bytes)

VM state: not at safepoint (normal execution)

VM Mutex/Monitor currently owned by a thread: None

Heap address: 0x00000000c0000000, size: 1024 MB, Compressed Oops mode: 32-bit

CDS archive(s) not mapped
Compressed class space mapped at: 0x0000000100000000-0x0000000140000000, reserved size: 1073741824
Narrow klass base: 0x0000000000000000, Narrow klass shift: 3, Narrow klass range: 0x140000000

GC Precious Log:
 CPUs: 4 total, 4 available
 Memory: 3930M
 Large Page Support: Disabled
 NUMA Support: Disabled
 Compressed Oops: Enabled (32-bit)
 Alignments: Space 512K, Generation 512K, Heap 2M
 Heap Min Capacity: 100M
 Heap Initial Capacity: 100M
 Heap Max Capacity: 1G
 Pre-touch: Disabled
 Parallel Workers: 4

Heap:
 PSYoungGen      total 26112K, used 12036K [0x00000000eab00000, 0x00000000ec880000, 0x0000000100000000)
  eden space 25088K, 45% used [0x00000000eab00000,0x00000000eb639e78,0x00000000ec380000)
  from space 1024K, 52% used [0x00000000ec400000,0x00000000ec487260,0x00000000ec500000)
  to   space 2048K, 0% used [0x00000000ec680000,0x00000000ec680000,0x00000000ec880000)
 ParOldGen       total 68608K, used 6646K [0x00000000c0000000, 0x00000000c4300000, 0x00000000eab00000)
  object space 68608K, 9% used [0x00000000c0000000,0x00000000c067da78,0x00000000c4300000)
 Metaspace       used 25814K, committed 26304K, reserved 1114112K
  class space    used 2518K, committed 2752K, reserved 1048576K

Card table byte_map: [0x000002b1cca30000,0x000002b1ccc40000] _byte_map_base: 0x000002b1cc430000

Marking Bits: (ParMarkBitMap*) 0x00007ff862c3d7d0
 Begin Bits: [0x000002b1ccda0000, 0x000002b1cdda0000)
 End Bits:   [0x000002b1cdda0000, 0x000002b1ceda0000)

Polling page: 0x000002b1b9240000

Metaspace:

Usage:
  Non-class:     22.75 MB used.
      Class:      2.46 MB used.
       Both:     25.21 MB used.

Virtual space:
  Non-class space:       64.00 MB reserved,      23.00 MB ( 36%) committed,  1 nodes.
      Class space:        1.00 GB reserved,       2.69 MB ( <1%) committed,  1 nodes.
             Both:        1.06 GB reserved,      25.69 MB (  2%) committed. 

Chunk freelists:
   Non-Class:  8.97 MB
       Class:  13.36 MB
        Both:  22.33 MB

MaxMetaspaceSize: unlimited
CompressedClassSpaceSize: 1.00 GB
Initial GC threshold: 21.00 MB
Current GC threshold: 35.00 MB
CDS: off
MetaspaceReclaimPolicy: balanced
 - commit_granule_bytes: 65536.
 - commit_granule_words: 8192.
 - virtual_space_node_default_size: 8388608.
 - enlarge_chunks_in_place: 1.
 - new_chunks_are_fully_committed: 0.
 - uncommit_free_chunks: 1.
 - use_allocation_guard: 0.
 - handle_deallocations: 1.


Internal statistics:

num_allocs_failed_limit: 5.
num_arena_births: 274.
num_arena_deaths: 14.
num_vsnodes_births: 2.
num_vsnodes_deaths: 0.
num_space_committed: 411.
num_space_uncommitted: 0.
num_chunks_returned_to_freelist: 19.
num_chunks_taken_from_freelist: 969.
num_chunk_merges: 4.
num_chunk_splits: 623.
num_chunks_enlarged: 440.
num_inconsistent_stats: 0.

CodeHeap 'non-profiled nmethods': size=120000Kb used=922Kb max_used=922Kb free=119077Kb
 bounds [0x000002b1c5320000, 0x000002b1c5590000, 0x000002b1cc850000]
CodeHeap 'profiled nmethods': size=120000Kb used=4709Kb max_used=4709Kb free=115290Kb
 bounds [0x000002b1bd850000, 0x000002b1bdcf0000, 0x000002b1c4d80000]
CodeHeap 'non-nmethods': size=5760Kb used=1218Kb max_used=1218Kb free=4541Kb
 bounds [0x000002b1c4d80000, 0x000002b1c4ff0000, 0x000002b1c5320000]
 total_blobs=2902 nmethods=2370 adapters=446
 compilation: enabled
              stopped_count=0, restarted_count=0
 full_count=0

Compilation events (20 events):
Event: 8.369 Thread 0x000002b1cf19bd90 2361       3       java.util.regex.Pattern$BranchConn::match (11 bytes)
Event: 8.369 Thread 0x000002b1cf19bd90 nmethod 2361 0x000002b1bdcd9410 code [0x000002b1bdcd95c0, 0x000002b1bdcd9788]
Event: 8.369 Thread 0x000002b1cf19bd90 2362       1       lombok.patcher.MethodLogistics::getReturnOpcode (5 bytes)
Event: 8.369 Thread 0x000002b1cf19bd90 nmethod 2362 0x000002b1c5406610 code [0x000002b1c54067a0, 0x000002b1c5406878]
Event: 8.369 Thread 0x000002b1cf19bd90 2363       3       org.lombokweb.asm.ByteVector::put11 (52 bytes)
Event: 8.370 Thread 0x000002b1cf19bd90 nmethod 2363 0x000002b1bdcd9890 code [0x000002b1bdcd9a40, 0x000002b1bdcd9c48]
Event: 8.370 Thread 0x000002b1cf19bd90 2365       3       org.lombokweb.asm.MethodWriter::visitLabel (328 bytes)
Event: 8.370 Thread 0x000002b1cf19bd90 nmethod 2365 0x000002b1bdcd9d90 code [0x000002b1bdcd9fc0, 0x000002b1bdcda8f8]
Event: 8.370 Thread 0x000002b1cf19bd90 2364       3       org.lombokweb.asm.Label::put (83 bytes)
Event: 8.371 Thread 0x000002b1cf19bd90 nmethod 2364 0x000002b1bdcdab90 code [0x000002b1bdcdada0, 0x000002b1bdcdb1d8]
Event: 8.371 Thread 0x000002b1cf19bd90 2367       3       org.lombokweb.asm.Symbol::getArgumentsAndReturnSizes (23 bytes)
Event: 8.371 Thread 0x000002b1cf19bd90 nmethod 2367 0x000002b1bdcdb390 code [0x000002b1bdcdb540, 0x000002b1bdcdb6c8]
Event: 8.371 Thread 0x000002b1cf19bd90 2366       3       org.lombokweb.asm.MethodWriter::visitJumpInsn (495 bytes)
Event: 8.373 Thread 0x000002b1cf19bd90 nmethod 2366 0x000002b1bdcdb790 code [0x000002b1bdcdbac0, 0x000002b1bdcdcb28]
Event: 8.418 Thread 0x000002b1cf19bd90 2368       3       org.lombokweb.asm.ClassReader::<init> (371 bytes)
Event: 8.419 Thread 0x000002b1cf19bd90 nmethod 2368 0x000002b1bdcdd110 code [0x000002b1bdcdd3e0, 0x000002b1bdcde598]
Event: 8.420 Thread 0x000002b1cf19bd90 2369 %     3       org.lombokweb.asm.SymbolTable::<init> @ 98 (536 bytes)
Event: 8.422 Thread 0x000002b1cf19bd90 nmethod 2369% 0x000002b1bdcdeb10 code [0x000002b1bdcdf0c0, 0x000002b1bdce1cc8]
Event: 8.423 Thread 0x000002b1cf19bd90 2370       3       org.lombokweb.asm.ClassReader::readLong (29 bytes)
Event: 8.423 Thread 0x000002b1cf19bd90 nmethod 2370 0x000002b1bdce2e90 code [0x000002b1bdce3040, 0x000002b1bdce31f8]

GC Heap History (12 events):
Event: 2.937 GC heap before
{Heap before GC invocations=1 (full 0):
 PSYoungGen      total 29696K, used 25600K [0x00000000eab00000, 0x00000000ecc00000, 0x0000000100000000)
  eden space 25600K, 100% used [0x00000000eab00000,0x00000000ec400000,0x00000000ec400000)
  from space 4096K, 0% used [0x00000000ec800000,0x00000000ec800000,0x00000000ecc00000)
  to   space 4096K, 0% used [0x00000000ec400000,0x00000000ec400000,0x00000000ec800000)
 ParOldGen       total 68608K, used 0K [0x00000000c0000000, 0x00000000c4300000, 0x00000000eab00000)
  object space 68608K, 0% used [0x00000000c0000000,0x00000000c0000000,0x00000000c4300000)
 Metaspace       used 11038K, committed 11200K, reserved 1114112K
  class space    used 1099K, committed 1216K, reserved 1048576K
}
Event: 2.992 GC heap after
{Heap after GC invocations=1 (full 0):
 PSYoungGen      total 29696K, used 3156K [0x00000000eab00000, 0x00000000ecc00000, 0x0000000100000000)
  eden space 25600K, 0% used [0x00000000eab00000,0x00000000eab00000,0x00000000ec400000)
  from space 4096K, 77% used [0x00000000ec400000,0x00000000ec715130,0x00000000ec800000)
  to   space 4096K, 0% used [0x00000000ec800000,0x00000000ec800000,0x00000000ecc00000)
 ParOldGen       total 68608K, used 0K [0x00000000c0000000, 0x00000000c4300000, 0x00000000eab00000)
  object space 68608K, 0% used [0x00000000c0000000,0x00000000c0000000,0x00000000c4300000)
 Metaspace       used 11038K, committed 11200K, reserved 1114112K
  class space    used 1099K, committed 1216K, reserved 1048576K
}
Event: 5.643 GC heap before
{Heap before GC invocations=2 (full 0):
 PSYoungGen      total 29696K, used 28756K [0x00000000eab00000, 0x00000000ecc00000, 0x0000000100000000)
  eden space 25600K, 100% used [0x00000000eab00000,0x00000000ec400000,0x00000000ec400000)
  from space 4096K, 77% used [0x00000000ec400000,0x00000000ec715130,0x00000000ec800000)
  to   space 4096K, 0% used [0x00000000ec800000,0x00000000ec800000,0x00000000ecc00000)
 ParOldGen       total 68608K, used 0K [0x00000000c0000000, 0x00000000c4300000, 0x00000000eab00000)
  object space 68608K, 0% used [0x00000000c0000000,0x00000000c0000000,0x00000000c4300000)
 Metaspace       used 14978K, committed 15232K, reserved 1114112K
  class space    used 1522K, committed 1664K, reserved 1048576K
}
Event: 5.649 GC heap after
{Heap after GC invocations=2 (full 0):
 PSYoungGen      total 29696K, used 4084K [0x00000000eab00000, 0x00000000ecc00000, 0x0000000100000000)
  eden space 25600K, 0% used [0x00000000eab00000,0x00000000eab00000,0x00000000ec400000)
  from space 4096K, 99% used [0x00000000ec800000,0x00000000ecbfd130,0x00000000ecc00000)
  to   space 4096K, 0% used [0x00000000ec400000,0x00000000ec400000,0x00000000ec800000)
 ParOldGen       total 68608K, used 738K [0x00000000c0000000, 0x00000000c4300000, 0x00000000eab00000)
  object space 68608K, 1% used [0x00000000c0000000,0x00000000c00b8820,0x00000000c4300000)
 Metaspace       used 14978K, committed 15232K, reserved 1114112K
  class space    used 1522K, committed 1664K, reserved 1048576K
}
Event: 7.175 GC heap before
{Heap before GC invocations=3 (full 0):
 PSYoungGen      total 29696K, used 29684K [0x00000000eab00000, 0x00000000ecc00000, 0x0000000100000000)
  eden space 25600K, 100% used [0x00000000eab00000,0x00000000ec400000,0x00000000ec400000)
  from space 4096K, 99% used [0x00000000ec800000,0x00000000ecbfd130,0x00000000ecc00000)
  to   space 4096K, 0% used [0x00000000ec400000,0x00000000ec400000,0x00000000ec800000)
 ParOldGen       total 68608K, used 738K [0x00000000c0000000, 0x00000000c4300000, 0x00000000eab00000)
  object space 68608K, 1% used [0x00000000c0000000,0x00000000c00b8820,0x00000000c4300000)
 Metaspace       used 20049K, committed 20544K, reserved 1114112K
  class space    used 2044K, committed 2240K, reserved 1048576K
}
Event: 7.183 GC heap after
{Heap after GC invocations=3 (full 0):
 PSYoungGen      total 29696K, used 4080K [0x00000000eab00000, 0x00000000ecc00000, 0x0000000100000000)
  eden space 25600K, 0% used [0x00000000eab00000,0x00000000eab00000,0x00000000ec400000)
  from space 4096K, 99% used [0x00000000ec400000,0x00000000ec7fc060,0x00000000ec800000)
  to   space 4096K, 0% used [0x00000000ec800000,0x00000000ec800000,0x00000000ecc00000)
 ParOldGen       total 68608K, used 2545K [0x00000000c0000000, 0x00000000c4300000, 0x00000000eab00000)
  object space 68608K, 3% used [0x00000000c0000000,0x00000000c027c6a8,0x00000000c4300000)
 Metaspace       used 20049K, committed 20544K, reserved 1114112K
  class space    used 2044K, committed 2240K, reserved 1048576K
}
Event: 7.575 GC heap before
{Heap before GC invocations=4 (full 0):
 PSYoungGen      total 29696K, used 10522K [0x00000000eab00000, 0x00000000ecc00000, 0x0000000100000000)
  eden space 25600K, 25% used [0x00000000eab00000,0x00000000eb14aa88,0x00000000ec400000)
  from space 4096K, 99% used [0x00000000ec400000,0x00000000ec7fc060,0x00000000ec800000)
  to   space 4096K, 0% used [0x00000000ec800000,0x00000000ec800000,0x00000000ecc00000)
 ParOldGen       total 68608K, used 2545K [0x00000000c0000000, 0x00000000c4300000, 0x00000000eab00000)
  object space 68608K, 3% used [0x00000000c0000000,0x00000000c027c6a8,0x00000000c4300000)
 Metaspace       used 21077K, committed 21504K, reserved 1114112K
  class space    used 2160K, committed 2368K, reserved 1048576K
}
Event: 7.581 GC heap after
{Heap after GC invocations=4 (full 0):
 PSYoungGen      total 29696K, used 4067K [0x00000000eab00000, 0x00000000ecc00000, 0x0000000100000000)
  eden space 25600K, 0% used [0x00000000eab00000,0x00000000eab00000,0x00000000ec400000)
  from space 4096K, 99% used [0x00000000ec800000,0x00000000ecbf8c98,0x00000000ecc00000)
  to   space 4096K, 0% used [0x00000000ec400000,0x00000000ec400000,0x00000000ec800000)
 ParOldGen       total 68608K, used 2777K [0x00000000c0000000, 0x00000000c4300000, 0x00000000eab00000)
  object space 68608K, 4% used [0x00000000c0000000,0x00000000c02b66a8,0x00000000c4300000)
 Metaspace       used 21077K, committed 21504K, reserved 1114112K
  class space    used 2160K, committed 2368K, reserved 1048576K
}
Event: 7.581 GC heap before
{Heap before GC invocations=5 (full 1):
 PSYoungGen      total 29696K, used 4067K [0x00000000eab00000, 0x00000000ecc00000, 0x0000000100000000)
  eden space 25600K, 0% used [0x00000000eab00000,0x00000000eab00000,0x00000000ec400000)
  from space 4096K, 99% used [0x00000000ec800000,0x00000000ecbf8c98,0x00000000ecc00000)
  to   space 4096K, 0% used [0x00000000ec400000,0x00000000ec400000,0x00000000ec800000)
 ParOldGen       total 68608K, used 2777K [0x00000000c0000000, 0x00000000c4300000, 0x00000000eab00000)
  object space 68608K, 4% used [0x00000000c0000000,0x00000000c02b66a8,0x00000000c4300000)
 Metaspace       used 21077K, committed 21504K, reserved 1114112K
  class space    used 2160K, committed 2368K, reserved 1048576K
}
Event: 7.612 GC heap after
{Heap after GC invocations=5 (full 1):
 PSYoungGen      total 29696K, used 0K [0x00000000eab00000, 0x00000000ecc00000, 0x0000000100000000)
  eden space 25600K, 0% used [0x00000000eab00000,0x00000000eab00000,0x00000000ec400000)
  from space 4096K, 0% used [0x00000000ec800000,0x00000000ec800000,0x00000000ecc00000)
  to   space 4096K, 0% used [0x00000000ec400000,0x00000000ec400000,0x00000000ec800000)
 ParOldGen       total 68608K, used 6638K [0x00000000c0000000, 0x00000000c4300000, 0x00000000eab00000)
  object space 68608K, 9% used [0x00000000c0000000,0x00000000c067ba78,0x00000000c4300000)
 Metaspace       used 21064K, committed 21504K, reserved 1114112K
  class space    used 2157K, committed 2368K, reserved 1048576K
}
Event: 8.205 GC heap before
{Heap before GC invocations=6 (full 1):
 PSYoungGen      total 29696K, used 25600K [0x00000000eab00000, 0x00000000ecc00000, 0x0000000100000000)
  eden space 25600K, 100% used [0x00000000eab00000,0x00000000ec400000,0x00000000ec400000)
  from space 4096K, 0% used [0x00000000ec800000,0x00000000ec800000,0x00000000ecc00000)
  to   space 4096K, 0% used [0x00000000ec400000,0x00000000ec400000,0x00000000ec800000)
 ParOldGen       total 68608K, used 6638K [0x00000000c0000000, 0x00000000c4300000, 0x00000000eab00000)
  object space 68608K, 9% used [0x00000000c0000000,0x00000000c067ba78,0x00000000c4300000)
 Metaspace       used 24092K, committed 24512K, reserved 1114112K
  class space    used 2365K, committed 2560K, reserved 1048576K
}
Event: 8.206 GC heap after
{Heap after GC invocations=6 (full 1):
 PSYoungGen      total 26112K, used 540K [0x00000000eab00000, 0x00000000ec880000, 0x0000000100000000)
  eden space 25088K, 0% used [0x00000000eab00000,0x00000000eab00000,0x00000000ec380000)
  from space 1024K, 52% used [0x00000000ec400000,0x00000000ec487260,0x00000000ec500000)
  to   space 2048K, 0% used [0x00000000ec680000,0x00000000ec680000,0x00000000ec880000)
 ParOldGen       total 68608K, used 6646K [0x00000000c0000000, 0x00000000c4300000, 0x00000000eab00000)
  object space 68608K, 9% used [0x00000000c0000000,0x00000000c067da78,0x00000000c4300000)
 Metaspace       used 24092K, committed 24512K, reserved 1114112K
  class space    used 2365K, committed 2560K, reserved 1048576K
}

Dll operation events (9 events):
Event: 0.016 Loaded shared library c:\Users\paulo\.vscode\extensions\redhat.java-1.27.0-win32-x64\jre\17.0.10-win32-x86_64\bin\java.dll
Event: 0.482 Loaded shared library c:\Users\paulo\.vscode\extensions\redhat.java-1.27.0-win32-x64\jre\17.0.10-win32-x86_64\bin\zip.dll
Event: 0.493 Loaded shared library C:\Users\paulo\.vscode\extensions\redhat.java-1.27.0-win32-x64\jre\17.0.10-win32-x86_64\bin\instrument.dll
Event: 0.515 Loaded shared library C:\Users\paulo\.vscode\extensions\redhat.java-1.27.0-win32-x64\jre\17.0.10-win32-x86_64\bin\net.dll
Event: 0.518 Loaded shared library C:\Users\paulo\.vscode\extensions\redhat.java-1.27.0-win32-x64\jre\17.0.10-win32-x86_64\bin\nio.dll
Event: 0.669 Loaded shared library C:\Users\paulo\.vscode\extensions\redhat.java-1.27.0-win32-x64\jre\17.0.10-win32-x86_64\bin\zip.dll
Event: 0.713 Loaded shared library C:\Users\paulo\.vscode\extensions\redhat.java-1.27.0-win32-x64\jre\17.0.10-win32-x86_64\bin\jimage.dll
Event: 1.001 Loaded shared library c:\Users\paulo\.vscode\extensions\redhat.java-1.27.0-win32-x64\jre\17.0.10-win32-x86_64\bin\verify.dll
Event: 5.288 Loaded shared library C:\Users\paulo\AppData\Roaming\Code\User\globalStorage\redhat.java\1.27.0\config_ss_win\org.eclipse.equinox.launcher\org.eclipse.equinox.launcher.win32.win32.x86_64_1.2.900.v20240129-1338\eclipse_11900.dll

Deoptimization events (20 events):
Event: 6.291 Thread 0x000002b1d4c49bf0 Uncommon trap: trap_request=0xffffffc6 fr.pc=0x000002b1c53d3330 relative=0x0000000000000df0
Event: 6.291 Thread 0x000002b1d4c49bf0 Uncommon trap: reason=bimorphic_or_optimized_type_check action=maybe_recompile pc=0x000002b1c53d3330 method=java.io.DataInputStream.readInt()I @ 6 c2
Event: 6.291 Thread 0x000002b1d4c49bf0 DEOPT PACKING pc=0x000002b1c53d3330 sp=0x000000d1faef8830
Event: 6.291 Thread 0x000002b1d4c49bf0 DEOPT UNPACKING pc=0x000002b1c4dd66a3 sp=0x000000d1faef87e8 mode 2
Event: 6.291 Thread 0x000002b1d4c49bf0 Uncommon trap: trap_request=0xffffffc6 fr.pc=0x000002b1c53d3330 relative=0x0000000000000df0
Event: 6.291 Thread 0x000002b1d4c49bf0 Uncommon trap: reason=bimorphic_or_optimized_type_check action=maybe_recompile pc=0x000002b1c53d3330 method=java.io.DataInputStream.readInt()I @ 6 c2
Event: 6.291 Thread 0x000002b1d4c49bf0 DEOPT PACKING pc=0x000002b1c53d3330 sp=0x000000d1faef87c0
Event: 6.291 Thread 0x000002b1d4c49bf0 DEOPT UNPACKING pc=0x000002b1c4dd66a3 sp=0x000000d1faef8778 mode 2
Event: 6.901 Thread 0x000002b1d4c49bf0 Uncommon trap: trap_request=0xffffff45 fr.pc=0x000002b1c53e1af0 relative=0x0000000000001050
Event: 6.901 Thread 0x000002b1d4c49bf0 Uncommon trap: reason=unstable_if action=reinterpret pc=0x000002b1c53e1af0 method=java.util.Properties.loadConvert([CIILjava/lang/StringBuilder;)Ljava/lang/String; @ 491 c2
Event: 6.901 Thread 0x000002b1d4c49bf0 DEOPT PACKING pc=0x000002b1c53e1af0 sp=0x000000d1faef7ab0
Event: 6.901 Thread 0x000002b1d4c49bf0 DEOPT UNPACKING pc=0x000002b1c4dd66a3 sp=0x000000d1faef7a90 mode 2
Event: 7.323 Thread 0x000002b1d4c49bf0 Uncommon trap: trap_request=0xffffff45 fr.pc=0x000002b1c53ba240 relative=0x0000000000000040
Event: 7.323 Thread 0x000002b1d4c49bf0 Uncommon trap: reason=unstable_if action=reinterpret pc=0x000002b1c53ba240 method=sun.nio.fs.WindowsPathParser.isSlash(C)Z @ 9 c2
Event: 7.323 Thread 0x000002b1d4c49bf0 DEOPT PACKING pc=0x000002b1c53ba240 sp=0x000000d1faef9120
Event: 7.323 Thread 0x000002b1d4c49bf0 DEOPT UNPACKING pc=0x000002b1c4dd66a3 sp=0x000000d1faef90a8 mode 2
Event: 8.369 Thread 0x000002b1d4c49bf0 Uncommon trap: trap_request=0xffffff45 fr.pc=0x000002b1c5405934 relative=0x0000000000000314
Event: 8.369 Thread 0x000002b1d4c49bf0 Uncommon trap: reason=unstable_if action=reinterpret pc=0x000002b1c5405934 method=org.lombokweb.asm.Label.resolve([BI)Z @ 80 c2
Event: 8.369 Thread 0x000002b1d4c49bf0 DEOPT PACKING pc=0x000002b1c5405934 sp=0x000000d1faeeec50
Event: 8.369 Thread 0x000002b1d4c49bf0 DEOPT UNPACKING pc=0x000002b1c4dd66a3 sp=0x000000d1faeeeb50 mode 2

Classes unloaded (7 events):
Event: 7.587 Thread 0x000002b1cf137770 Unloading class 0x000000010021a800 'java/lang/invoke/LambdaForm$MH+0x000000010021a800'
Event: 7.587 Thread 0x000002b1cf137770 Unloading class 0x000000010021a400 'java/lang/invoke/LambdaForm$MH+0x000000010021a400'
Event: 7.587 Thread 0x000002b1cf137770 Unloading class 0x000000010021a000 'java/lang/invoke/LambdaForm$MH+0x000000010021a000'
Event: 7.587 Thread 0x000002b1cf137770 Unloading class 0x0000000100219c00 'java/lang/invoke/LambdaForm$MH+0x0000000100219c00'
Event: 7.587 Thread 0x000002b1cf137770 Unloading class 0x0000000100219800 'java/lang/invoke/LambdaForm$BMH+0x0000000100219800'
Event: 7.587 Thread 0x000002b1cf137770 Unloading class 0x0000000100219400 'java/lang/invoke/LambdaForm$DMH+0x0000000100219400'
Event: 7.587 Thread 0x000002b1cf137770 Unloading class 0x0000000100214800 'java/lang/invoke/LambdaForm$DMH+0x0000000100214800'

Classes redefined (0 events):
No events

Internal exceptions (20 events):
Event: 6.680 Thread 0x000002b1d4c49bf0 Exception <a 'java/lang/NoSuchMethodError'{0x00000000ebeeaa70}: 'int java.lang.invoke.DirectMethodHandle$Holder.invokeStatic(java.lang.Object, java.lang.Object, int)'> (0x00000000ebeeaa70) 
thrown [s\src\hotspot\share\interpreter\linkResolver.cpp, line 759]
Event: 6.681 Thread 0x000002b1d4c49bf0 Exception <a 'java/lang/NoSuchMethodError'{0x00000000ebeeea98}: 'int java.lang.invoke.DirectMethodHandle$Holder.invokeSpecial(java.lang.Object, java.lang.Object, java.lang.Object, int)'> (0x00000000ebeeea98) 
thrown [s\src\hotspot\share\interpreter\linkResolver.cpp, line 759]
Event: 6.683 Thread 0x000002b1d4c49bf0 Exception <a 'java/lang/NoSuchMethodError'{0x00000000ebf09a10}: 'java.lang.Object java.lang.invoke.DirectMethodHandle$Holder.invokeStatic(java.lang.Object, java.lang.Object, java.lang.Object, java.lang.Object, int)'> (0x00000000ebf09a10) 
thrown [s\src\hotspot\share\interpreter\linkResolver.cpp, line 759]
Event: 6.684 Thread 0x000002b1d4c49bf0 Exception <a 'java/lang/NoSuchMethodError'{0x00000000ebf15a08}: 'java.lang.Object java.lang.invoke.DelegatingMethodHandle$Holder.reinvoke_L(java.lang.Object, java.lang.Object, java.lang.Object, java.lang.Object, int, int)'> (0x00000000ebf15a08) 
thrown [s\src\hotspot\share\interpreter\linkResolver.cpp, line 759]
Event: 6.687 Thread 0x000002b1d4c49bf0 Exception <a 'java/lang/NoSuchMethodError'{0x00000000ebf2a300}: 'java.lang.Object java.lang.invoke.Invokers$Holder.invokeExact_MT(java.lang.Object, java.lang.Object, java.lang.Object, java.lang.Object)'> (0x00000000ebf2a300) 
thrown [s\src\hotspot\share\interpreter\linkResolver.cpp, line 759]
Event: 6.939 Thread 0x000002b1d4c49bf0 Exception <a 'java/io/FileNotFoundException'{0x00000000ec19a0a8}> (0x00000000ec19a0a8) 
thrown [s\src\hotspot\share\prims\jni.cpp, line 516]
Event: 6.941 Thread 0x000002b1d4c49bf0 Exception <a 'java/io/FileNotFoundException'{0x00000000ec1a0a48}> (0x00000000ec1a0a48) 
thrown [s\src\hotspot\share\prims\jni.cpp, line 516]
Event: 7.189 Thread 0x000002b1d4c49bf0 Exception <a 'java/lang/NoSuchMethodError'{0x00000000eab25a08}: 'java.lang.Object java.lang.invoke.DirectMethodHandle$Holder.newInvokeSpecial(java.lang.Object, java.lang.Object, java.lang.Object, java.lang.Object, java.lang.Object)'> (0x00000000eab25a08) 
thrown [s\src\hotspot\share\interpreter\linkResolver.cpp, line 759]
Event: 7.490 Thread 0x000002b1d4c49bf0 Exception <a 'java/lang/NoSuchMethodError'{0x00000000eaf06d60}: 'java.lang.Object java.lang.invoke.DirectMethodHandle$Holder.invokeSpecial(java.lang.Object, java.lang.Object, java.lang.Object, long, java.lang.Object)'> (0x00000000eaf06d60) 
thrown [s\src\hotspot\share\interpreter\linkResolver.cpp, line 759]
Event: 7.491 Thread 0x000002b1d4c49bf0 Exception <a 'java/lang/NoSuchMethodError'{0x00000000eaf0ef18}: 'java.lang.Object java.lang.invoke.DirectMethodHandle$Holder.newInvokeSpecial(java.lang.Object, java.lang.Object, java.lang.Object, long)'> (0x00000000eaf0ef18) 
thrown [s\src\hotspot\share\interpreter\linkResolver.cpp, line 759]
Event: 7.492 Thread 0x000002b1d4c49bf0 Exception <a 'java/lang/NoSuchMethodError'{0x00000000eaf134b8}: 'java.lang.Object java.lang.invoke.DirectMethodHandle$Holder.invokeSpecial(java.lang.Object, java.lang.Object, java.lang.Object, java.lang.Object, long)'> (0x00000000eaf134b8) 
thrown [s\src\hotspot\share\interpreter\linkResolver.cpp, line 759]
Event: 7.492 Thread 0x000002b1d4c49bf0 Exception <a 'java/lang/NoSuchMethodError'{0x00000000eaf17330}: 'java.lang.Object java.lang.invoke.Invokers$Holder.linkToTargetMethod(java.lang.Object, java.lang.Object, long, java.lang.Object)'> (0x00000000eaf17330) 
thrown [s\src\hotspot\share\interpreter\linkResolver.cpp, line 759]
Event: 7.503 Thread 0x000002b1d4c49bf0 Exception <a 'java/lang/NoSuchMethodError'{0x00000000eaf753a8}: 'int java.lang.invoke.DirectMethodHandle$Holder.invokeStaticInit(java.lang.Object, java.lang.Object, java.lang.Object)'> (0x00000000eaf753a8) 
thrown [s\src\hotspot\share\interpreter\linkResolver.cpp, line 759]
Event: 7.512 Thread 0x000002b1d4c49bf0 Exception <a 'java/lang/IncompatibleClassChangeError'{0x00000000eafe16f0}: Found class java.lang.Object, but interface was expected> (0x00000000eafe16f0) 
thrown [s\src\hotspot\share\interpreter\linkResolver.cpp, line 826]
Event: 7.517 Thread 0x000002b1d4c49bf0 Exception <a 'java/lang/NoSuchMethodError'{0x00000000eaff4780}: 'java.lang.Object java.lang.invoke.DirectMethodHandle$Holder.invokeSpecial(java.lang.Object, java.lang.Object, java.lang.Object, int, java.lang.Object, java.lang.Object)'> (0x00000000eaff4780) 
thrown [s\src\hotspot\share\interpreter\linkResolver.cpp, line 759]
Event: 7.517 Thread 0x000002b1d4c49bf0 Exception <a 'java/lang/NoSuchMethodError'{0x00000000eaffcf08}: 'java.lang.Object java.lang.invoke.DirectMethodHandle$Holder.newInvokeSpecial(java.lang.Object, java.lang.Object, java.lang.Object, int, java.lang.Object)'> (0x00000000eaffcf08) 
thrown [s\src\hotspot\share\interpreter\linkResolver.cpp, line 759]
Event: 7.518 Thread 0x000002b1d4c49bf0 Exception <a 'java/lang/NoSuchMethodError'{0x00000000eb001360}: 'java.lang.Object java.lang.invoke.DirectMethodHandle$Holder.invokeSpecial(java.lang.Object, java.lang.Object, java.lang.Object, java.lang.Object, int, java.lang.Object)'> (0x00000000eb001360) 
thrown [s\src\hotspot\share\interpreter\linkResolver.cpp, line 759]
Event: 7.533 Thread 0x000002b1d4a31ab0 Exception <a 'java/lang/NoSuchMethodError'{0x00000000eb026530}: 'java.lang.Object java.lang.invoke.DirectMethodHandle$Holder.invokeSpecial(java.lang.Object, java.lang.Object, int, java.lang.Object, java.lang.Object)'> (0x00000000eb026530) 
thrown [s\src\hotspot\share\interpreter\linkResolver.cpp, line 759]
Event: 7.536 Thread 0x000002b1d4a31ab0 Exception <a 'java/lang/NoSuchMethodError'{0x00000000eb02dc00}: 'java.lang.Object java.lang.invoke.DirectMethodHandle$Holder.newInvokeSpecial(java.lang.Object, java.lang.Object, int, java.lang.Object)'> (0x00000000eb02dc00) 
thrown [s\src\hotspot\share\interpreter\linkResolver.cpp, line 759]
Event: 7.536 Thread 0x000002b1d4a31ab0 Exception <a 'java/lang/NoSuchMethodError'{0x00000000eb031710}: 'java.lang.Object java.lang.invoke.DirectMethodHandle$Holder.invokeSpecial(java.lang.Object, java.lang.Object, java.lang.Object, int, java.lang.Object)'> (0x00000000eb031710) 
thrown [s\src\hotspot\share\interpreter\linkResolver.cpp, line 759]

VM Operations (20 events):
Event: 5.458 Executing VM operation: Cleanup
Event: 5.458 Executing VM operation: Cleanup done
Event: 5.643 Executing VM operation: ParallelGCFailedAllocation
Event: 5.649 Executing VM operation: ParallelGCFailedAllocation done
Event: 6.292 Executing VM operation: HandshakeAllThreads
Event: 6.292 Executing VM operation: HandshakeAllThreads done
Event: 6.673 Executing VM operation: HandshakeAllThreads
Event: 6.673 Executing VM operation: HandshakeAllThreads done
Event: 6.673 Executing VM operation: Cleanup
Event: 6.674 Executing VM operation: Cleanup done
Event: 7.175 Executing VM operation: ParallelGCFailedAllocation
Event: 7.183 Executing VM operation: ParallelGCFailedAllocation done
Event: 7.572 Executing VM operation: HandshakeAllThreads
Event: 7.572 Executing VM operation: HandshakeAllThreads done
Event: 7.575 Executing VM operation: CollectForMetadataAllocation
Event: 7.614 Executing VM operation: CollectForMetadataAllocation done
Event: 7.616 Executing VM operation: CollectForMetadataAllocation
Event: 7.617 Executing VM operation: CollectForMetadataAllocation done
Event: 8.205 Executing VM operation: ParallelGCFailedAllocation
Event: 8.206 Executing VM operation: ParallelGCFailedAllocation done

Events (20 events):
Event: 7.768 loading class java/io/StringReader
Event: 7.770 loading class java/io/StringReader done
Event: 7.777 loading class java/util/zip/GZIPInputStream
Event: 7.777 loading class java/util/zip/GZIPInputStream done
Event: 7.801 loading class java/net/SocketTimeoutException
Event: 7.802 loading class java/io/InterruptedIOException
Event: 7.802 loading class java/io/InterruptedIOException done
Event: 7.802 loading class java/net/SocketTimeoutException done
Event: 7.802 loading class java/net/SocketException
Event: 7.803 loading class java/net/SocketException done
Event: 7.803 loading class java/net/UnknownHostException
Event: 7.803 loading class java/net/UnknownHostException done
Event: 7.803 loading class java/net/ProtocolException
Event: 7.803 loading class java/net/ProtocolException done
Event: 7.836 loading class java/lang/ThreadLocal$SuppliedThreadLocal
Event: 7.837 loading class java/lang/ThreadLocal$SuppliedThreadLocal done
Event: 7.885 loading class java/io/FileWriter
Event: 7.885 loading class java/io/FileWriter done
Event: 7.886 loading class java/lang/NegativeArraySizeException
Event: 7.886 loading class java/lang/NegativeArraySizeException done


Dynamic libraries:
0x00007ff63e330000 - 0x00007ff63e33e000 	c:\Users\paulo\.vscode\extensions\redhat.java-1.27.0-win32-x64\jre\17.0.10-win32-x86_64\bin\java.exe
0x00007ff8cd070000 - 0x00007ff8cd287000 	C:\WINDOWS\SYSTEM32\ntdll.dll
0x00007ff8cc0d0000 - 0x00007ff8cc194000 	C:\WINDOWS\System32\KERNEL32.DLL
0x00007ff8ca7c0000 - 0x00007ff8cab66000 	C:\WINDOWS\System32\KERNELBASE.dll
0x00007ff8ca3b0000 - 0x00007ff8ca4c1000 	C:\WINDOWS\System32\ucrtbase.dll
0x00007ff8b21a0000 - 0x00007ff8b21b7000 	c:\Users\paulo\.vscode\extensions\redhat.java-1.27.0-win32-x64\jre\17.0.10-win32-x86_64\bin\jli.dll
0x00007ff8cb9d0000 - 0x00007ff8cbb7e000 	C:\WINDOWS\System32\USER32.dll
0x00007ff8ca620000 - 0x00007ff8ca646000 	C:\WINDOWS\System32\win32u.dll
0x00007ff8cbc30000 - 0x00007ff8cbc59000 	C:\WINDOWS\System32\GDI32.dll
0x00007ff8caca0000 - 0x00007ff8cadb8000 	C:\WINDOWS\System32\gdi32full.dll
0x00007ff8ca580000 - 0x00007ff8ca61a000 	C:\WINDOWS\System32\msvcp_win.dll
0x00007ff8a5200000 - 0x00007ff8a521b000 	c:\Users\paulo\.vscode\extensions\redhat.java-1.27.0-win32-x64\jre\17.0.10-win32-x86_64\bin\VCRUNTIME140.dll
0x00007ff8b1060000 - 0x00007ff8b12f3000 	C:\WINDOWS\WinSxS\amd64_microsoft.windows.common-controls_6595b64144ccf1df_6.0.22621.2506_none_270c5ae97388e100\COMCTL32.dll
0x00007ff8ccf80000 - 0x00007ff8cd027000 	C:\WINDOWS\System32\msvcrt.dll
0x00007ff8cb7f0000 - 0x00007ff8cb821000 	C:\WINDOWS\System32\IMM32.DLL
0x00007ff8afba0000 - 0x00007ff8afbac000 	c:\Users\paulo\.vscode\extensions\redhat.java-1.27.0-win32-x64\jre\17.0.10-win32-x86_64\bin\vcruntime140_1.dll
0x00007ff884bf0000 - 0x00007ff884c7d000 	c:\Users\paulo\.vscode\extensions\redhat.java-1.27.0-win32-x64\jre\17.0.10-win32-x86_64\bin\msvcp140.dll
0x00007ff8620a0000 - 0x00007ff862d02000 	c:\Users\paulo\.vscode\extensions\redhat.java-1.27.0-win32-x64\jre\17.0.10-win32-x86_64\bin\server\jvm.dll
0x00007ff8cbe40000 - 0x00007ff8cbef3000 	C:\WINDOWS\System32\ADVAPI32.dll
0x00007ff8cbb80000 - 0x00007ff8cbc28000 	C:\WINDOWS\System32\sechost.dll
0x00007ff8ca4d0000 - 0x00007ff8ca4f8000 	C:\WINDOWS\System32\bcrypt.dll
0x00007ff8cb5b0000 - 0x00007ff8cb6c7000 	C:\WINDOWS\System32\RPCRT4.dll
0x00007ff8ca020000 - 0x00007ff8ca06d000 	C:\WINDOWS\SYSTEM32\POWRPROF.dll
0x00007ff8c5c20000 - 0x00007ff8c5c29000 	C:\WINDOWS\SYSTEM32\WSOCK32.dll
0x00007ff8cbdc0000 - 0x00007ff8cbe31000 	C:\WINDOWS\System32\WS2_32.dll
0x00007ff8b7f30000 - 0x00007ff8b7f64000 	C:\WINDOWS\SYSTEM32\WINMM.dll
0x00007ff8c3490000 - 0x00007ff8c349a000 	C:\WINDOWS\SYSTEM32\VERSION.dll
0x00007ff8c9e20000 - 0x00007ff8c9e33000 	C:\WINDOWS\SYSTEM32\UMPDC.dll
0x00007ff8c93b0000 - 0x00007ff8c93c8000 	C:\WINDOWS\SYSTEM32\kernel.appcore.dll
0x00007ff8ae950000 - 0x00007ff8ae95a000 	c:\Users\paulo\.vscode\extensions\redhat.java-1.27.0-win32-x64\jre\17.0.10-win32-x86_64\bin\jimage.dll
0x00007ff8c3c40000 - 0x00007ff8c3e73000 	C:\WINDOWS\SYSTEM32\DBGHELP.DLL
0x00007ff8ccbc0000 - 0x00007ff8ccf49000 	C:\WINDOWS\System32\combase.dll
0x00007ff8cb890000 - 0x00007ff8cb967000 	C:\WINDOWS\System32\OLEAUT32.dll
0x00007ff8b1020000 - 0x00007ff8b1052000 	C:\WINDOWS\SYSTEM32\dbgcore.DLL
0x00007ff8ca500000 - 0x00007ff8ca57a000 	C:\WINDOWS\System32\bcryptPrimitives.dll
0x00007ff8ae8c0000 - 0x00007ff8ae8ce000 	c:\Users\paulo\.vscode\extensions\redhat.java-1.27.0-win32-x64\jre\17.0.10-win32-x86_64\bin\instrument.dll
0x00007ff8a3700000 - 0x00007ff8a3725000 	c:\Users\paulo\.vscode\extensions\redhat.java-1.27.0-win32-x64\jre\17.0.10-win32-x86_64\bin\java.dll
0x00007ff8a4c10000 - 0x00007ff8a4c28000 	c:\Users\paulo\.vscode\extensions\redhat.java-1.27.0-win32-x64\jre\17.0.10-win32-x86_64\bin\zip.dll
0x00007ff8cc1a0000 - 0x00007ff8cc9fb000 	C:\WINDOWS\System32\SHELL32.dll
0x00007ff8c82c0000 - 0x00007ff8c8bb6000 	C:\WINDOWS\SYSTEM32\windows.storage.dll
0x00007ff8c8180000 - 0x00007ff8c82be000 	C:\WINDOWS\SYSTEM32\wintypes.dll
0x00007ff8cbfd0000 - 0x00007ff8cc0c3000 	C:\WINDOWS\System32\SHCORE.dll
0x00007ff8cb830000 - 0x00007ff8cb88e000 	C:\WINDOWS\System32\shlwapi.dll
0x00007ff8ca2e0000 - 0x00007ff8ca306000 	C:\WINDOWS\SYSTEM32\profapi.dll
0x00007ff8a3320000 - 0x00007ff8a3339000 	C:\Users\paulo\.vscode\extensions\redhat.java-1.27.0-win32-x64\jre\17.0.10-win32-x86_64\bin\net.dll
0x00007ff8c4260000 - 0x00007ff8c4397000 	C:\WINDOWS\SYSTEM32\WINHTTP.dll
0x00007ff8c9830000 - 0x00007ff8c9899000 	C:\WINDOWS\system32\mswsock.dll
0x00007ff89dcb0000 - 0x00007ff89dcc6000 	C:\Users\paulo\.vscode\extensions\redhat.java-1.27.0-win32-x64\jre\17.0.10-win32-x86_64\bin\nio.dll
0x00007ff8ab8d0000 - 0x00007ff8ab8e0000 	c:\Users\paulo\.vscode\extensions\redhat.java-1.27.0-win32-x64\jre\17.0.10-win32-x86_64\bin\verify.dll
0x00007ff88a480000 - 0x00007ff88a4be000 	C:\Users\paulo\AppData\Roaming\Code\User\globalStorage\redhat.java\1.27.0\config_ss_win\org.eclipse.equinox.launcher\org.eclipse.equinox.launcher.win32.win32.x86_64_1.2.900.v20240129-1338\eclipse_11900.dll
0x00007ff8cae10000 - 0x00007ff8cafb0000 	C:\WINDOWS\System32\ole32.dll

dbghelp: loaded successfully - version: 4.0.5 - missing functions: none
symbol engine: initialized successfully - sym options: 0x614 - pdb path: .;c:\Users\paulo\.vscode\extensions\redhat.java-1.27.0-win32-x64\jre\17.0.10-win32-x86_64\bin;C:\WINDOWS\SYSTEM32;C:\WINDOWS\WinSxS\amd64_microsoft.windows.common-controls_6595b64144ccf1df_6.0.22621.2506_none_270c5ae97388e100;c:\Users\paulo\.vscode\extensions\redhat.java-1.27.0-win32-x64\jre\17.0.10-win32-x86_64\bin\server;C:\Users\paulo\AppData\Roaming\Code\User\globalStorage\redhat.java\1.27.0\config_ss_win\org.eclipse.equinox.launcher\org.eclipse.equinox.launcher.win32.win32.x86_64_1.2.900.v20240129-1338

VM Arguments:
jvm_args: --add-modules=ALL-SYSTEM --add-opens=java.base/java.util=ALL-UNNAMED --add-opens=java.base/java.lang=ALL-UNNAMED --add-opens=java.base/sun.nio.fs=ALL-UNNAMED -Declipse.application=org.eclipse.jdt.ls.core.id1 -Dosgi.bundles.defaultStartLevel=4 -Declipse.product=org.eclipse.jdt.ls.core.product -Djava.import.generatesMetadataFilesAtProjectRoot=false -DDetectVMInstallationsJob.disabled=true -Dfile.encoding=utf8 -XX:+UseParallelGC -XX:GCTimeRatio=4 -XX:AdaptiveSizePolicyWeight=90 -Dsun.zip.disableMemoryMapping=true -Xmx1G -Xms100m -Xlog:disable -javaagent:c:\Users\paulo\.vscode\extensions\redhat.java-1.27.0-win32-x64\lombok\lombok-1.18.31.jar 
java_command: c:\Users\paulo\.vscode\extensions\redhat.java-1.27.0-win32-x64\server\plugins\org.eclipse.equinox.launcher_1.6.700.v20231214-2017.jar -configuration c:\Users\paulo\AppData\Roaming\Code\User\globalStorage\redhat.java\1.27.0\config_ss_win -data c:\Users\paulo\AppData\Roaming\Code\User\workspaceStorage\9c48622b7dc99cda220db19437c6b508\redhat.java\ss_ws --stdio
java_class_path (initial): c:\Users\paulo\.vscode\extensions\redhat.java-1.27.0-win32-x64\server\plugins\org.eclipse.equinox.launcher_1.6.700.v20231214-2017.jar
Launcher Type: SUN_STANDARD

[Global flags]
    uintx AdaptiveSizePolicyWeight                 = 90                                        {product} {command line}
     intx CICompilerCount                          = 3                                         {product} {ergonomic}
    uintx GCTimeRatio                              = 4                                         {product} {command line}
   size_t InitialHeapSize                          = 104857600                                 {product} {command line}
   size_t MaxHeapSize                              = 1073741824                                {product} {command line}
   size_t MaxNewSize                               = 357564416                                 {product} {ergonomic}
   size_t MinHeapDeltaBytes                        = 524288                                    {product} {ergonomic}
   size_t MinHeapSize                              = 104857600                                 {product} {command line}
   size_t NewSize                                  = 34603008                                  {product} {ergonomic}
    uintx NonNMethodCodeHeapSize                   = 5832780                                {pd product} {ergonomic}
    uintx NonProfiledCodeHeapSize                  = 122912730                              {pd product} {ergonomic}
   size_t OldSize                                  = 70254592                                  {product} {ergonomic}
    uintx ProfiledCodeHeapSize                     = 122912730                              {pd product} {ergonomic}
    uintx ReservedCodeCacheSize                    = 251658240                              {pd product} {ergonomic}
     bool SegmentedCodeCache                       = true                                      {product} {ergonomic}
   size_t SoftMaxHeapSize                          = 1073741824                             {manageable} {ergonomic}
     bool UseCompressedClassPointers               = true                           {product lp64_product} {ergonomic}
     bool UseCompressedOops                        = true                           {product lp64_product} {ergonomic}
     bool UseLargePagesIndividualAllocation        = false                                  {pd product} {ergonomic}
     bool UseParallelGC                            = true                                      {product} {command line}

Logging:
Log output configuration:
 #0: stdout all=off uptime,level,tags
 #1: stderr all=off uptime,level,tags

Environment Variables:
JAVA_HOME=C:\Program Files\Java\jdk-17
PATH=C:\Program Files\Common Files\Oracle\Java\javapath;C:\Program Files\Amazon Corretto\jdk17.0.7_7\bin;C:\Program Files (x86)\Common Files\Oracle\Java\javapath;C:\php;C:\WINDOWS\System32\OpenSSH\;C:\Program Files\dotnet\;C:\Program Files\nodejs\;C:\Program Files\Git\cmd;C:\Program Files\MATLAB\R2023b\runtime\win64;C:\Program Files\MATLAB\R2023b\bin;C:\Program Files (x86)\Microsoft SQL Server\160\Tools\Binn\;C:\Program Files\Microsoft SQL Server\160\Tools\Binn\;C:\Program Files\Microsoft SQL Server\Client SDK\ODBC\170\Tools\Binn\;C:\Program Files\Microsoft SQL Server\160\DTS\Binn\;C:\Program Files (x86)\Microsoft SQL Server\160\DTS\Binn\;C:\Program Files\Azure Data Studio\bin;C:\Program Files\PowerShell\7\;C:\Program Files\Docker\Docker\resources\bin;C:\Program Files\MySQL\MySQL Shell 8.3\bin\;C:\Users\paulo\AppData\Local\Programs\Python\Python310\;C:\Users\paulo\AppData\Local\Microsoft\WindowsApps;C:\php;C:\Users\paulo\AppData\Local\Programs\Microsoft VS Code\bin;C:\Users\paulo\.dotnet\tools;C:\Program Files\Azure Data Studio\bin;C:\apache-maven-3.9.6\bin;C:\Program Files\Java\jdk-17\bin;
USERNAME=paulo
OS=Windows_NT
PROCESSOR_IDENTIFIER=Intel64 Family 6 Model 142 Stepping 12, GenuineIntel
TMP=C:\Users\paulo\AppData\Local\Temp
TEMP=C:\Users\paulo\AppData\Local\Temp



Periodic native trim disabled


---------------  S Y S T E M  ---------------

OS:
 Windows 11 , 64 bit Build 22621 (10.0.22621.3085)
OS uptime: 4 days 2:53 hours
Hyper-V role detected

CPU: total 4 (initial active 4) (2 cores per cpu, 2 threads per core) family 6 model 142 stepping 12 microcode 0xec, cx8, cmov, fxsr, ht, mmx, 3dnowpref, sse, sse2, sse3, ssse3, sse4.1, sse4.2, popcnt, lzcnt, tsc, tscinvbit, avx, avx2, aes, erms, clmul, bmi1, bmi2, adx, fma, vzeroupper, clflush, clflushopt, hv
Processor Information for all 4 processors :
  Max Mhz: 2592, Current Mhz: 2093, Mhz Limit: 2073

Memory: 4k page, system-wide physical 3930M (45M free)
TotalPageFile size 16218M (AvailPageFile size 6M)
current process WorkingSet (physical memory assigned to process): 111M, peak: 111M
current process commit charge ("private bytes"): 215M, peak: 215M

vm_info: OpenJDK 64-Bit Server VM (17.0.10+7) for windows-amd64 JRE (17.0.10+7), built on Jan 16 2024 23:25:11 by "admin" with MS VC++ 16.10 / 16.11 (VS2019)

END.
