#
# There is insufficient memory for the Java Runtime Environment to continue.
# Native memory allocation (malloc) failed to allocate 873152 bytes for Chunk::new
# Possible reasons:
#   The system is out of physical RAM or swap space
#   The process is running with CompressedOops enabled, and the Java Heap may be blocking the growth of the native heap
# Possible solutions:
#   Reduce memory load on the system
#   Increase physical memory or swap space
#   Check if swap backing store is full
#   Decrease Java heap size (-Xmx/-Xms)
#   Decrease number of Java threads
#   Decrease Java thread stack sizes (-Xss)
#   Set larger code cache with -XX:ReservedCodeCacheSize=
#   JVM is running with Unscaled Compressed Oops mode in which the Java heap is
#     placed in the first 4GB address space. The Java Heap base address is the
#     maximum limit for the native heap growth. Please use -XX:HeapBaseMinAddress
#     to set the Java Heap base and to place the Java Heap above 4GB virtual address.
# This output file may be truncated or incomplete.
#
#  Out of Memory Error (arena.cpp:191), pid=8736, tid=18324
#
# JRE version: OpenJDK Runtime Environment Temurin-17.0.10+7 (17.0.10+7) (build 17.0.10+7)
# Java VM: OpenJDK 64-Bit Server VM Temurin-17.0.10+7 (17.0.10+7, mixed mode, tiered, compressed oops, compressed class ptrs, parallel gc, windows-amd64)
# No core dump will be written. Minidumps are not enabled by default on client versions of Windows
#

---------------  S U M M A R Y ------------

Command Line: --add-modules=ALL-SYSTEM --add-opens=java.base/java.util=ALL-UNNAMED --add-opens=java.base/java.lang=ALL-UNNAMED --add-opens=java.base/sun.nio.fs=ALL-UNNAMED -Declipse.application=org.eclipse.jdt.ls.core.id1 -Dosgi.bundles.defaultStartLevel=4 -Declipse.product=org.eclipse.jdt.ls.core.product -Djava.import.generatesMetadataFilesAtProjectRoot=false -DDetectVMInstallationsJob.disabled=true -Dfile.encoding=utf8 -XX:+UseParallelGC -XX:GCTimeRatio=4 -XX:AdaptiveSizePolicyWeight=90 -Dsun.zip.disableMemoryMapping=true -Xmx1G -Xms100m -Xlog:disable -javaagent:c:\Users\paulo\.vscode\extensions\redhat.java-1.27.0-win32-x64\lombok\lombok-1.18.31.jar -XX:+HeapDumpOnOutOfMemoryError -XX:HeapDumpPath=c:\Users\paulo\AppData\Roaming\Code\User\workspaceStorage\9c48622b7dc99cda220db19437c6b508\redhat.java -Daether.dependencyCollector.impl=bf c:\Users\paulo\.vscode\extensions\redhat.java-1.27.0-win32-x64\server\plugins\org.eclipse.equinox.launcher_1.6.700.v20231214-2017.jar -configuration c:\Users\paulo\AppData\Roaming\Code\User\globalStorage\redhat.java\1.27.0\config_win -data c:\Users\paulo\AppData\Roaming\Code\User\workspaceStorage\9c48622b7dc99cda220db19437c6b508\redhat.java\jdt_ws --stdio

Host: Intel(R) Core(TM) i3-10110U CPU @ 2.10GHz, 4 cores, 3G,  Windows 11 , 64 bit Build 22621 (10.0.22621.3085)
Time: Tue Feb  6 14:56:25 2024 Hora Padrão de Buenos Aires elapsed time: 13.388096 seconds (0d 0h 0m 13s)

---------------  T H R E A D  ---------------

Current thread (0x00000268b889ae90):  JavaThread "C2 CompilerThread0" daemon [_thread_in_native, id=18324, stack(0x0000008e2ef00000,0x0000008e2f000000)]


Current CompileTask:
C2:  13388 4289       4       org.eclipse.osgi.internal.serviceregistry.ServiceRegistry::notifyHooksPrivileged (58 bytes)

Stack: [0x0000008e2ef00000,0x0000008e2f000000]
Native frames: (J=compiled Java code, j=interpreted, Vv=VM code, C=native code)
V  [jvm.dll+0x67d2c9]
V  [jvm.dll+0x834afa]
V  [jvm.dll+0x8365be]
V  [jvm.dll+0x836c23]
V  [jvm.dll+0x2477ff]
V  [jvm.dll+0xac514]
V  [jvm.dll+0xacb5c]
V  [jvm.dll+0x3667d7]
V  [jvm.dll+0x1bcf72]
V  [jvm.dll+0x21a049]
V  [jvm.dll+0x219311]
V  [jvm.dll+0x1a502d]
V  [jvm.dll+0x2290de]
V  [jvm.dll+0x2272ac]
V  [jvm.dll+0x7e9bb7]
V  [jvm.dll+0x7e3fba]
V  [jvm.dll+0x67c1b5]
C  [ucrtbase.dll+0x29363]
C  [KERNEL32.DLL+0x1257d]
C  [ntdll.dll+0x5aa58]


---------------  P R O C E S S  ---------------

Threads class SMR info:
_java_thread_list=0x00000268ba16e9a0, length=23, elements={
0x000002689f7e1470, 0x000002689f889f20, 0x000002689f88e1b0, 0x00000268b8898070,
0x00000268b8898a40, 0x00000268b8899510, 0x00000268b8899fe0, 0x00000268b889ae90,
0x00000268b88e9c00, 0x00000268b88ea8c0, 0x000002689f844a20, 0x00000268b8b4d970,
0x00000268b91a14c0, 0x00000268b945faf0, 0x00000268b907c9e0, 0x00000268b943d570,
0x00000268b948d050, 0x00000268b9c07ab0, 0x00000268b9393bb0, 0x00000268b9390910,
0x00000268b9390e20, 0x00000268b93936a0, 0x00000268b9390400
}

Java Threads: ( => current thread )
  0x000002689f7e1470 JavaThread "main" [_thread_blocked, id=8576, stack(0x0000008e2e600000,0x0000008e2e700000)]
  0x000002689f889f20 JavaThread "Reference Handler" daemon [_thread_blocked, id=5884, stack(0x0000008e2e900000,0x0000008e2ea00000)]
  0x000002689f88e1b0 JavaThread "Finalizer" daemon [_thread_blocked, id=14900, stack(0x0000008e2ea00000,0x0000008e2eb00000)]
  0x00000268b8898070 JavaThread "Signal Dispatcher" daemon [_thread_blocked, id=9428, stack(0x0000008e2eb00000,0x0000008e2ec00000)]
  0x00000268b8898a40 JavaThread "Attach Listener" daemon [_thread_blocked, id=14428, stack(0x0000008e2ec00000,0x0000008e2ed00000)]
  0x00000268b8899510 JavaThread "Service Thread" daemon [_thread_blocked, id=12220, stack(0x0000008e2ed00000,0x0000008e2ee00000)]
  0x00000268b8899fe0 JavaThread "Monitor Deflation Thread" daemon [_thread_blocked, id=14248, stack(0x0000008e2ee00000,0x0000008e2ef00000)]
=>0x00000268b889ae90 JavaThread "C2 CompilerThread0" daemon [_thread_in_native, id=18324, stack(0x0000008e2ef00000,0x0000008e2f000000)]
  0x00000268b88e9c00 JavaThread "C1 CompilerThread0" daemon [_thread_blocked, id=10036, stack(0x0000008e2f000000,0x0000008e2f100000)]
  0x00000268b88ea8c0 JavaThread "Sweeper thread" daemon [_thread_blocked, id=5772, stack(0x0000008e2f100000,0x0000008e2f200000)]
  0x000002689f844a20 JavaThread "Common-Cleaner" daemon [_thread_blocked, id=10428, stack(0x0000008e2f200000,0x0000008e2f300000)]
  0x00000268b8b4d970 JavaThread "Notification Thread" daemon [_thread_blocked, id=11248, stack(0x0000008e2f300000,0x0000008e2f400000)]
  0x00000268b91a14c0 JavaThread "Active Thread: Equinox Container: 895ef7a4-7714-440f-84bf-c4864a2944c0" [_thread_blocked, id=7360, stack(0x0000008e2f800000,0x0000008e2f900000)]
  0x00000268b945faf0 JavaThread "Framework Event Dispatcher: Equinox Container: 895ef7a4-7714-440f-84bf-c4864a2944c0" daemon [_thread_blocked, id=13844, stack(0x0000008e2f900000,0x0000008e2fa00000)]
  0x00000268b907c9e0 JavaThread "Start Level: Equinox Container: 895ef7a4-7714-440f-84bf-c4864a2944c0" daemon [_thread_in_vm, id=9280, stack(0x0000008e2fa00000,0x0000008e2fb00000)]
  0x00000268b943d570 JavaThread "Bundle File Closer" daemon [_thread_blocked, id=14964, stack(0x0000008e2fb00000,0x0000008e2fc00000)]
  0x00000268b948d050 JavaThread "SCR Component Actor" daemon [_thread_blocked, id=2444, stack(0x0000008e2fc00000,0x0000008e2fd00000)]
  0x00000268b9c07ab0 JavaThread "SCR Component Registry" daemon [_thread_blocked, id=16916, stack(0x0000008e2fd00000,0x0000008e2fe00000)]
  0x00000268b9393bb0 JavaThread "Worker-JM" [_thread_blocked, id=10180, stack(0x0000008e2fe00000,0x0000008e2ff00000)]
  0x00000268b9390910 JavaThread "Worker-0: Repository registry initialization" [_thread_in_vm, id=7808, stack(0x0000008e2ff00000,0x0000008e30000000)]
  0x00000268b9390e20 JavaThread "Worker-1" [_thread_blocked, id=12360, stack(0x0000008e30000000,0x0000008e30100000)]
  0x00000268b93936a0 JavaThread "Java indexing" daemon [_thread_blocked, id=2552, stack(0x0000008e30100000,0x0000008e30200000)]
  0x00000268b9390400 JavaThread "Worker-2" [_thread_blocked, id=9896, stack(0x0000008e30200000,0x0000008e30300000)]

Other Threads:
  0x000002689f886b50 VMThread "VM Thread" [stack: 0x0000008e2e800000,0x0000008e2e900000] [id=1192]
  0x00000268b8b4de50 WatcherThread [stack: 0x0000008e2f400000,0x0000008e2f500000] [id=13604]
  0x000002689f7fb5f0 GCTaskThread "GC Thread#0" [stack: 0x0000008e2e700000,0x0000008e2e800000] [id=15028]
  0x00000268b8ed9cd0 GCTaskThread "GC Thread#1" [stack: 0x0000008e2f500000,0x0000008e2f600000] [id=17884]
  0x00000268b9281450 GCTaskThread "GC Thread#2" [stack: 0x0000008e2f600000,0x0000008e2f700000] [id=5176]
  0x00000268b9281710 GCTaskThread "GC Thread#3" [stack: 0x0000008e2f700000,0x0000008e2f800000] [id=15296]

Threads with active compile tasks:
C2 CompilerThread0    13680 4289       4       org.eclipse.osgi.internal.serviceregistry.ServiceRegistry::notifyHooksPrivileged (58 bytes)

VM state: not at safepoint (normal execution)

VM Mutex/Monitor currently owned by a thread:  ([mutex/lock_event])
[0x000002689f7dc190] Metaspace_lock - owner thread: 0x00000268b9390910

Heap address: 0x00000000c0000000, size: 1024 MB, Compressed Oops mode: 32-bit

CDS archive(s) not mapped
Compressed class space mapped at: 0x0000000100000000-0x0000000140000000, reserved size: 1073741824
Narrow klass base: 0x0000000000000000, Narrow klass shift: 3, Narrow klass range: 0x140000000

GC Precious Log:
 CPUs: 4 total, 4 available
 Memory: 3930M
 Large Page Support: Disabled
 NUMA Support: Disabled
 Compressed Oops: Enabled (32-bit)
 Alignments: Space 512K, Generation 512K, Heap 2M
 Heap Min Capacity: 100M
 Heap Initial Capacity: 100M
 Heap Max Capacity: 1G
 Pre-touch: Disabled
 Parallel Workers: 4

Heap:
 PSYoungGen      total 24576K, used 20464K [0x00000000eab00000, 0x00000000ec700000, 0x0000000100000000)
  eden space 23040K, 84% used [0x00000000eab00000,0x00000000ebded0d0,0x00000000ec180000)
  from space 1536K, 70% used [0x00000000ec400000,0x00000000ec50f220,0x00000000ec580000)
  to   space 1536K, 0% used [0x00000000ec580000,0x00000000ec580000,0x00000000ec700000)
 ParOldGen       total 68608K, used 13809K [0x00000000c0000000, 0x00000000c4300000, 0x00000000eab00000)
  object space 68608K, 20% used [0x00000000c0000000,0x00000000c0d7c448,0x00000000c4300000)
 Metaspace       used 39325K, committed 40256K, reserved 1114112K
  class space    used 4074K, committed 4544K, reserved 1048576K

Card table byte_map: [0x000002689f170000,0x000002689f380000] _byte_map_base: 0x000002689eb70000

Marking Bits: (ParMarkBitMap*) 0x00007ff862c3d7d0
 Begin Bits: [0x00000268b1470000, 0x00000268b2470000)
 End Bits:   [0x00000268b2470000, 0x00000268b3470000)

Polling page: 0x000002689d690000

Metaspace:

Usage:
  Non-class:     34.42 MB used.
      Class:      3.98 MB used.
       Both:     38.40 MB used.

Virtual space:
  Non-class space:       64.00 MB reserved,      34.88 MB ( 54%) committed,  1 nodes.
      Class space:        1.00 GB reserved,       4.44 MB ( <1%) committed,  1 nodes.
             Both:        1.06 GB reserved,      39.31 MB (  4%) committed. 

Chunk freelists:
   Non-Class:  12.58 MB
       Class:  11.55 MB
        Both:  24.12 MB

MaxMetaspaceSize: unlimited
CompressedClassSpaceSize: 1.00 GB
Initial GC threshold: 21.00 MB
Current GC threshold: 58.38 MB
CDS: off
MetaspaceReclaimPolicy: balanced
 - commit_granule_bytes: 65536.
 - commit_granule_words: 8192.
 - virtual_space_node_default_size: 8388608.
 - enlarge_chunks_in_place: 1.
 - new_chunks_are_fully_committed: 0.
 - uncommit_free_chunks: 1.
 - use_allocation_guard: 0.
 - handle_deallocations: 1.


Internal statistics:

num_allocs_failed_limit: 6.
num_arena_births: 610.
num_arena_deaths: 14.
num_vsnodes_births: 2.
num_vsnodes_deaths: 0.
num_space_committed: 629.
num_space_uncommitted: 0.
num_chunks_returned_to_freelist: 20.
num_chunks_taken_from_freelist: 1919.
num_chunk_merges: 11.
num_chunk_splits: 1226.
num_chunks_enlarged: 758.
num_inconsistent_stats: 0.

CodeHeap 'non-profiled nmethods': size=120000Kb used=1891Kb max_used=1891Kb free=118108Kb
 bounds [0x00000268a9f40000, 0x00000268aa1b0000, 0x00000268b1470000]
CodeHeap 'profiled nmethods': size=120000Kb used=9251Kb max_used=9251Kb free=110748Kb
 bounds [0x00000268a2470000, 0x00000268a2d80000, 0x00000268a99a0000]
CodeHeap 'non-nmethods': size=5760Kb used=1264Kb max_used=1346Kb free=4495Kb
 bounds [0x00000268a99a0000, 0x00000268a9c10000, 0x00000268a9f40000]
 total_blobs=4948 nmethods=4360 adapters=502
 compilation: enabled
              stopped_count=0, restarted_count=0
 full_count=0

Compilation events (20 events):
Event: 13.330 Thread 0x00000268b88e9c00 nmethod 4305 0x00000268a2d43d10 code [0x00000268a2d43ec0, 0x00000268a2d44078]
Event: 13.337 Thread 0x00000268b88e9c00 4306       3       java.lang.Class::getInterfaces (49 bytes)
Event: 13.338 Thread 0x00000268b88e9c00 nmethod 4306 0x00000268a2d44190 code [0x00000268a2d44380, 0x00000268a2d44818]
Event: 13.368 Thread 0x00000268b88e9c00 4308       3       sun.reflect.generics.parser.SignatureParser::parsePackageNameAndSimpleClassTypeSignature (119 bytes)
Event: 13.368 Thread 0x00000268b88e9c00 nmethod 4308 0x00000268a2d44990 code [0x00000268a2d44c80, 0x00000268a2d45728]
Event: 13.368 Thread 0x00000268b88e9c00 4307       3       sun.reflect.generics.parser.SignatureParser::parseClassTypeSignature (118 bytes)
Event: 13.370 Thread 0x00000268b88e9c00 nmethod 4307 0x00000268a2d45b90 code [0x00000268a2d45f20, 0x00000268a2d472d8]
Event: 13.370 Thread 0x00000268b88e9c00 4309       3       sun.reflect.generics.tree.ClassTypeSignature::make (9 bytes)
Event: 13.370 Thread 0x00000268b88e9c00 nmethod 4309 0x00000268a2d47a90 code [0x00000268a2d47c40, 0x00000268a2d47e58]
Event: 13.370 Thread 0x00000268b88e9c00 4310       3       com.google.common.cache.LocalCache::expiresAfterWrite (15 bytes)
Event: 13.370 Thread 0x00000268b88e9c00 nmethod 4310 0x00000268a2d47f90 code [0x00000268a2d48120, 0x00000268a2d48298]
Event: 13.376 Thread 0x00000268b88e9c00 4311       3       com.google.inject.Key::get (12 bytes)
Event: 13.376 Thread 0x00000268b88e9c00 nmethod 4311 0x00000268a2d48310 code [0x00000268a2d48500, 0x00000268a2d489c8]
Event: 13.377 Thread 0x00000268b88e9c00 4312       3       sun.reflect.generics.parser.SignatureParser::parseFieldTypeSignature (6 bytes)
Event: 13.378 Thread 0x00000268b88e9c00 nmethod 4312 0x00000268a2d48c10 code [0x00000268a2d48da0, 0x00000268a2d48ee8]
Event: 13.378 Thread 0x00000268b88e9c00 4313       3       sun.reflect.generics.parser.SignatureParser::parseFieldTypeSignature (73 bytes)
Event: 13.378 Thread 0x00000268b88e9c00 nmethod 4313 0x00000268a2d48f90 code [0x00000268a2d491e0, 0x00000268a2d496d8]
Event: 13.383 Thread 0x00000268b88e9c00 4314       3       sun.reflect.generics.factory.CoreReflectionFactory::getDeclsLoader (85 bytes)
Event: 13.385 Thread 0x00000268b88e9c00 nmethod 4314 0x00000268a2d49910 code [0x00000268a2d49d00, 0x00000268a2d4bed8]
Event: 13.385 Thread 0x00000268b88e9c00 4315   !   3       org.eclipse.osgi.internal.loader.BundleLoader::findImportedSource (29 bytes)

GC Heap History (20 events):
Event: 8.597 GC heap before
{Heap before GC invocations=4 (full 0):
 PSYoungGen      total 29696K, used 29669K [0x00000000eab00000, 0x00000000ecc00000, 0x0000000100000000)
  eden space 25600K, 99% used [0x00000000eab00000,0x00000000ec3fdf38,0x00000000ec400000)
  from space 4096K, 99% used [0x00000000ec400000,0x00000000ec7fb4e0,0x00000000ec800000)
  to   space 4096K, 0% used [0x00000000ec800000,0x00000000ec800000,0x00000000ecc00000)
 ParOldGen       total 68608K, used 5181K [0x00000000c0000000, 0x00000000c4300000, 0x00000000eab00000)
  object space 68608K, 7% used [0x00000000c0000000,0x00000000c050f760,0x00000000c4300000)
 Metaspace       used 20991K, committed 21440K, reserved 1114112K
  class space    used 2130K, committed 2368K, reserved 1048576K
}
Event: 8.602 GC heap after
{Heap after GC invocations=4 (full 0):
 PSYoungGen      total 29696K, used 4092K [0x00000000eab00000, 0x00000000ecc00000, 0x0000000100000000)
  eden space 25600K, 0% used [0x00000000eab00000,0x00000000eab00000,0x00000000ec400000)
  from space 4096K, 99% used [0x00000000ec800000,0x00000000ecbff0e0,0x00000000ecc00000)
  to   space 4096K, 0% used [0x00000000ec400000,0x00000000ec400000,0x00000000ec800000)
 ParOldGen       total 68608K, used 6351K [0x00000000c0000000, 0x00000000c4300000, 0x00000000eab00000)
  object space 68608K, 9% used [0x00000000c0000000,0x00000000c0633da8,0x00000000c4300000)
 Metaspace       used 20991K, committed 21440K, reserved 1114112K
  class space    used 2130K, committed 2368K, reserved 1048576K
}
Event: 8.608 GC heap before
{Heap before GC invocations=5 (full 0):
 PSYoungGen      total 29696K, used 4471K [0x00000000eab00000, 0x00000000ecc00000, 0x0000000100000000)
  eden space 25600K, 1% used [0x00000000eab00000,0x00000000eab5ebc0,0x00000000ec400000)
  from space 4096K, 99% used [0x00000000ec800000,0x00000000ecbff0e0,0x00000000ecc00000)
  to   space 4096K, 0% used [0x00000000ec400000,0x00000000ec400000,0x00000000ec800000)
 ParOldGen       total 68608K, used 6351K [0x00000000c0000000, 0x00000000c4300000, 0x00000000eab00000)
  object space 68608K, 9% used [0x00000000c0000000,0x00000000c0633da8,0x00000000c4300000)
 Metaspace       used 21049K, committed 21504K, reserved 1114112K
  class space    used 2136K, committed 2368K, reserved 1048576K
}
Event: 8.612 GC heap after
{Heap after GC invocations=5 (full 0):
 PSYoungGen      total 29696K, used 4065K [0x00000000eab00000, 0x00000000ece00000, 0x0000000100000000)
  eden space 25600K, 0% used [0x00000000eab00000,0x00000000eab00000,0x00000000ec400000)
  from space 4096K, 99% used [0x00000000ec400000,0x00000000ec7f8650,0x00000000ec800000)
  to   space 5120K, 0% used [0x00000000ec900000,0x00000000ec900000,0x00000000ece00000)
 ParOldGen       total 68608K, used 6375K [0x00000000c0000000, 0x00000000c4300000, 0x00000000eab00000)
  object space 68608K, 9% used [0x00000000c0000000,0x00000000c0639da8,0x00000000c4300000)
 Metaspace       used 21049K, committed 21504K, reserved 1114112K
  class space    used 2136K, committed 2368K, reserved 1048576K
}
Event: 8.612 GC heap before
{Heap before GC invocations=6 (full 1):
 PSYoungGen      total 29696K, used 4065K [0x00000000eab00000, 0x00000000ece00000, 0x0000000100000000)
  eden space 25600K, 0% used [0x00000000eab00000,0x00000000eab00000,0x00000000ec400000)
  from space 4096K, 99% used [0x00000000ec400000,0x00000000ec7f8650,0x00000000ec800000)
  to   space 5120K, 0% used [0x00000000ec900000,0x00000000ec900000,0x00000000ece00000)
 ParOldGen       total 68608K, used 6375K [0x00000000c0000000, 0x00000000c4300000, 0x00000000eab00000)
  object space 68608K, 9% used [0x00000000c0000000,0x00000000c0639da8,0x00000000c4300000)
 Metaspace       used 21049K, committed 21504K, reserved 1114112K
  class space    used 2136K, committed 2368K, reserved 1048576K
}
Event: 8.644 GC heap after
{Heap after GC invocations=6 (full 1):
 PSYoungGen      total 29696K, used 0K [0x00000000eab00000, 0x00000000ece00000, 0x0000000100000000)
  eden space 25600K, 0% used [0x00000000eab00000,0x00000000eab00000,0x00000000ec400000)
  from space 4096K, 0% used [0x00000000ec400000,0x00000000ec400000,0x00000000ec800000)
  to   space 5120K, 0% used [0x00000000ec900000,0x00000000ec900000,0x00000000ece00000)
 ParOldGen       total 68608K, used 10184K [0x00000000c0000000, 0x00000000c4300000, 0x00000000eab00000)
  object space 68608K, 14% used [0x00000000c0000000,0x00000000c09f20e8,0x00000000c4300000)
 Metaspace       used 21035K, committed 21504K, reserved 1114112K
  class space    used 2132K, committed 2368K, reserved 1048576K
}
Event: 10.100 GC heap before
{Heap before GC invocations=7 (full 1):
 PSYoungGen      total 29696K, used 25600K [0x00000000eab00000, 0x00000000ece00000, 0x0000000100000000)
  eden space 25600K, 100% used [0x00000000eab00000,0x00000000ec400000,0x00000000ec400000)
  from space 4096K, 0% used [0x00000000ec400000,0x00000000ec400000,0x00000000ec800000)
  to   space 5120K, 0% used [0x00000000ec900000,0x00000000ec900000,0x00000000ece00000)
 ParOldGen       total 68608K, used 10184K [0x00000000c0000000, 0x00000000c4300000, 0x00000000eab00000)
  object space 68608K, 14% used [0x00000000c0000000,0x00000000c09f20e8,0x00000000c4300000)
 Metaspace       used 24327K, committed 24960K, reserved 1114112K
  class space    used 2479K, committed 2752K, reserved 1048576K
}
Event: 10.103 GC heap after
{Heap after GC invocations=7 (full 1):
 PSYoungGen      total 26624K, used 1242K [0x00000000eab00000, 0x00000000eca80000, 0x0000000100000000)
  eden space 25088K, 0% used [0x00000000eab00000,0x00000000eab00000,0x00000000ec380000)
  from space 1536K, 80% used [0x00000000ec900000,0x00000000eca36900,0x00000000eca80000)
  to   space 2560K, 0% used [0x00000000ec580000,0x00000000ec580000,0x00000000ec800000)
 ParOldGen       total 68608K, used 10192K [0x00000000c0000000, 0x00000000c4300000, 0x00000000eab00000)
  object space 68608K, 14% used [0x00000000c0000000,0x00000000c09f40e8,0x00000000c4300000)
 Metaspace       used 24327K, committed 24960K, reserved 1114112K
  class space    used 2479K, committed 2752K, reserved 1048576K
}
Event: 11.197 GC heap before
{Heap before GC invocations=8 (full 1):
 PSYoungGen      total 26624K, used 26330K [0x00000000eab00000, 0x00000000eca80000, 0x0000000100000000)
  eden space 25088K, 100% used [0x00000000eab00000,0x00000000ec380000,0x00000000ec380000)
  from space 1536K, 80% used [0x00000000ec900000,0x00000000eca36900,0x00000000eca80000)
  to   space 2560K, 0% used [0x00000000ec580000,0x00000000ec580000,0x00000000ec800000)
 ParOldGen       total 68608K, used 10192K [0x00000000c0000000, 0x00000000c4300000, 0x00000000eab00000)
  object space 68608K, 14% used [0x00000000c0000000,0x00000000c09f40e8,0x00000000c4300000)
 Metaspace       used 27424K, committed 28224K, reserved 1114112K
  class space    used 2833K, committed 3200K, reserved 1048576K
}
Event: 11.201 GC heap after
{Heap after GC invocations=8 (full 1):
 PSYoungGen      total 27136K, used 2548K [0x00000000eab00000, 0x00000000ecb00000, 0x0000000100000000)
  eden space 24576K, 0% used [0x00000000eab00000,0x00000000eab00000,0x00000000ec300000)
  from space 2560K, 99% used [0x00000000ec580000,0x00000000ec7fd1d0,0x00000000ec800000)
  to   space 3072K, 0% used [0x00000000ec800000,0x00000000ec800000,0x00000000ecb00000)
 ParOldGen       total 68608K, used 11205K [0x00000000c0000000, 0x00000000c4300000, 0x00000000eab00000)
  object space 68608K, 16% used [0x00000000c0000000,0x00000000c0af17b0,0x00000000c4300000)
 Metaspace       used 27424K, committed 28224K, reserved 1114112K
  class space    used 2833K, committed 3200K, reserved 1048576K
}
Event: 11.572 GC heap before
{Heap before GC invocations=9 (full 1):
 PSYoungGen      total 27136K, used 27124K [0x00000000eab00000, 0x00000000ecb00000, 0x0000000100000000)
  eden space 24576K, 100% used [0x00000000eab00000,0x00000000ec300000,0x00000000ec300000)
  from space 2560K, 99% used [0x00000000ec580000,0x00000000ec7fd1d0,0x00000000ec800000)
  to   space 3072K, 0% used [0x00000000ec800000,0x00000000ec800000,0x00000000ecb00000)
 ParOldGen       total 68608K, used 11205K [0x00000000c0000000, 0x00000000c4300000, 0x00000000eab00000)
  object space 68608K, 16% used [0x00000000c0000000,0x00000000c0af17b0,0x00000000c4300000)
 Metaspace       used 30046K, committed 30848K, reserved 1114112K
  class space    used 3004K, committed 3392K, reserved 1048576K
}
Event: 11.576 GC heap after
{Heap after GC invocations=9 (full 1):
 PSYoungGen      total 27136K, used 2999K [0x00000000eab00000, 0x00000000ecb00000, 0x0000000100000000)
  eden space 24064K, 0% used [0x00000000eab00000,0x00000000eab00000,0x00000000ec280000)
  from space 3072K, 97% used [0x00000000ec800000,0x00000000ecaedd40,0x00000000ecb00000)
  to   space 3584K, 0% used [0x00000000ec400000,0x00000000ec400000,0x00000000ec780000)
 ParOldGen       total 68608K, used 11213K [0x00000000c0000000, 0x00000000c4300000, 0x00000000eab00000)
  object space 68608K, 16% used [0x00000000c0000000,0x00000000c0af37b0,0x00000000c4300000)
 Metaspace       used 30046K, committed 30848K, reserved 1114112K
  class space    used 3004K, committed 3392K, reserved 1048576K
}
Event: 11.926 GC heap before
{Heap before GC invocations=10 (full 1):
 PSYoungGen      total 27136K, used 27063K [0x00000000eab00000, 0x00000000ecb00000, 0x0000000100000000)
  eden space 24064K, 100% used [0x00000000eab00000,0x00000000ec280000,0x00000000ec280000)
  from space 3072K, 97% used [0x00000000ec800000,0x00000000ecaedd40,0x00000000ecb00000)
  to   space 3584K, 0% used [0x00000000ec400000,0x00000000ec400000,0x00000000ec780000)
 ParOldGen       total 68608K, used 11213K [0x00000000c0000000, 0x00000000c4300000, 0x00000000eab00000)
  object space 68608K, 16% used [0x00000000c0000000,0x00000000c0af37b0,0x00000000c4300000)
 Metaspace       used 32537K, committed 33344K, reserved 1114112K
  class space    used 3197K, committed 3584K, reserved 1048576K
}
Event: 11.930 GC heap after
{Heap after GC invocations=10 (full 1):
 PSYoungGen      total 26112K, used 2243K [0x00000000eab00000, 0x00000000ec880000, 0x0000000100000000)
  eden space 23552K, 0% used [0x00000000eab00000,0x00000000eab00000,0x00000000ec200000)
  from space 2560K, 87% used [0x00000000ec400000,0x00000000ec630dd8,0x00000000ec680000)
  to   space 2048K, 0% used [0x00000000ec680000,0x00000000ec680000,0x00000000ec880000)
 ParOldGen       total 68608K, used 12170K [0x00000000c0000000, 0x00000000c4300000, 0x00000000eab00000)
  object space 68608K, 17% used [0x00000000c0000000,0x00000000c0be29d8,0x00000000c4300000)
 Metaspace       used 32537K, committed 33344K, reserved 1114112K
  class space    used 3197K, committed 3584K, reserved 1048576K
}
Event: 12.399 GC heap before
{Heap before GC invocations=11 (full 1):
 PSYoungGen      total 26112K, used 22290K [0x00000000eab00000, 0x00000000ec880000, 0x0000000100000000)
  eden space 23552K, 85% used [0x00000000eab00000,0x00000000ebe93ab8,0x00000000ec200000)
  from space 2560K, 87% used [0x00000000ec400000,0x00000000ec630dd8,0x00000000ec680000)
  to   space 2048K, 0% used [0x00000000ec680000,0x00000000ec680000,0x00000000ec880000)
 ParOldGen       total 68608K, used 12170K [0x00000000c0000000, 0x00000000c4300000, 0x00000000eab00000)
  object space 68608K, 17% used [0x00000000c0000000,0x00000000c0be29d8,0x00000000c4300000)
 Metaspace       used 35023K, committed 35840K, reserved 1114112K
  class space    used 3493K, committed 3840K, reserved 1048576K
}
Event: 12.402 GC heap after
{Heap after GC invocations=11 (full 1):
 PSYoungGen      total 25088K, used 1332K [0x00000000eab00000, 0x00000000ec800000, 0x0000000100000000)
  eden space 23552K, 0% used [0x00000000eab00000,0x00000000eab00000,0x00000000ec200000)
  from space 1536K, 86% used [0x00000000ec680000,0x00000000ec7cd240,0x00000000ec800000)
  to   space 2048K, 0% used [0x00000000ec400000,0x00000000ec400000,0x00000000ec600000)
 ParOldGen       total 68608K, used 13979K [0x00000000c0000000, 0x00000000c4300000, 0x00000000eab00000)
  object space 68608K, 20% used [0x00000000c0000000,0x00000000c0da6f60,0x00000000c4300000)
 Metaspace       used 35023K, committed 35840K, reserved 1114112K
  class space    used 3493K, committed 3840K, reserved 1048576K
}
Event: 12.402 GC heap before
{Heap before GC invocations=12 (full 2):
 PSYoungGen      total 25088K, used 1332K [0x00000000eab00000, 0x00000000ec800000, 0x0000000100000000)
  eden space 23552K, 0% used [0x00000000eab00000,0x00000000eab00000,0x00000000ec200000)
  from space 1536K, 86% used [0x00000000ec680000,0x00000000ec7cd240,0x00000000ec800000)
  to   space 2048K, 0% used [0x00000000ec400000,0x00000000ec400000,0x00000000ec600000)
 ParOldGen       total 68608K, used 13979K [0x00000000c0000000, 0x00000000c4300000, 0x00000000eab00000)
  object space 68608K, 20% used [0x00000000c0000000,0x00000000c0da6f60,0x00000000c4300000)
 Metaspace       used 35023K, committed 35840K, reserved 1114112K
  class space    used 3493K, committed 3840K, reserved 1048576K
}
Event: 12.443 GC heap after
{Heap after GC invocations=12 (full 2):
 PSYoungGen      total 25088K, used 0K [0x00000000eab00000, 0x00000000ec800000, 0x0000000100000000)
  eden space 23552K, 0% used [0x00000000eab00000,0x00000000eab00000,0x00000000ec200000)
  from space 1536K, 0% used [0x00000000ec680000,0x00000000ec680000,0x00000000ec800000)
  to   space 2048K, 0% used [0x00000000ec400000,0x00000000ec400000,0x00000000ec600000)
 ParOldGen       total 68608K, used 13801K [0x00000000c0000000, 0x00000000c4300000, 0x00000000eab00000)
  object space 68608K, 20% used [0x00000000c0000000,0x00000000c0d7a448,0x00000000c4300000)
 Metaspace       used 35023K, committed 35840K, reserved 1114112K
  class space    used 3493K, committed 3840K, reserved 1048576K
}
Event: 12.914 GC heap before
{Heap before GC invocations=13 (full 2):
 PSYoungGen      total 25088K, used 23552K [0x00000000eab00000, 0x00000000ec800000, 0x0000000100000000)
  eden space 23552K, 100% used [0x00000000eab00000,0x00000000ec200000,0x00000000ec200000)
  from space 1536K, 0% used [0x00000000ec680000,0x00000000ec680000,0x00000000ec800000)
  to   space 2048K, 0% used [0x00000000ec400000,0x00000000ec400000,0x00000000ec600000)
 ParOldGen       total 68608K, used 13801K [0x00000000c0000000, 0x00000000c4300000, 0x00000000eab00000)
  object space 68608K, 20% used [0x00000000c0000000,0x00000000c0d7a448,0x00000000c4300000)
 Metaspace       used 37902K, committed 38848K, reserved 1114112K
  class space    used 3888K, committed 4352K, reserved 1048576K
}
Event: 12.918 GC heap after
{Heap after GC invocations=13 (full 2):
 PSYoungGen      total 24576K, used 1084K [0x00000000eab00000, 0x00000000ec700000, 0x0000000100000000)
  eden space 23040K, 0% used [0x00000000eab00000,0x00000000eab00000,0x00000000ec180000)
  from space 1536K, 70% used [0x00000000ec400000,0x00000000ec50f220,0x00000000ec580000)
  to   space 1536K, 0% used [0x00000000ec580000,0x00000000ec580000,0x00000000ec700000)
 ParOldGen       total 68608K, used 13809K [0x00000000c0000000, 0x00000000c4300000, 0x00000000eab00000)
  object space 68608K, 20% used [0x00000000c0000000,0x00000000c0d7c448,0x00000000c4300000)
 Metaspace       used 37902K, committed 38848K, reserved 1114112K
  class space    used 3888K, committed 4352K, reserved 1048576K
}

Dll operation events (9 events):
Event: 0.056 Loaded shared library c:\Users\paulo\.vscode\extensions\redhat.java-1.27.0-win32-x64\jre\17.0.10-win32-x86_64\bin\java.dll
Event: 0.933 Loaded shared library c:\Users\paulo\.vscode\extensions\redhat.java-1.27.0-win32-x64\jre\17.0.10-win32-x86_64\bin\zip.dll
Event: 0.937 Loaded shared library C:\Users\paulo\.vscode\extensions\redhat.java-1.27.0-win32-x64\jre\17.0.10-win32-x86_64\bin\instrument.dll
Event: 0.972 Loaded shared library C:\Users\paulo\.vscode\extensions\redhat.java-1.27.0-win32-x64\jre\17.0.10-win32-x86_64\bin\net.dll
Event: 0.974 Loaded shared library C:\Users\paulo\.vscode\extensions\redhat.java-1.27.0-win32-x64\jre\17.0.10-win32-x86_64\bin\nio.dll
Event: 1.053 Loaded shared library C:\Users\paulo\.vscode\extensions\redhat.java-1.27.0-win32-x64\jre\17.0.10-win32-x86_64\bin\zip.dll
Event: 1.078 Loaded shared library C:\Users\paulo\.vscode\extensions\redhat.java-1.27.0-win32-x64\jre\17.0.10-win32-x86_64\bin\jimage.dll
Event: 1.291 Loaded shared library c:\Users\paulo\.vscode\extensions\redhat.java-1.27.0-win32-x64\jre\17.0.10-win32-x86_64\bin\verify.dll
Event: 5.927 Loaded shared library C:\Users\paulo\AppData\Roaming\Code\User\globalStorage\redhat.java\1.27.0\config_win\org.eclipse.equinox.launcher\org.eclipse.equinox.launcher.win32.win32.x86_64_1.2.900.v20240129-1338\eclipse_11900.dll

Deoptimization events (20 events):
Event: 12.912 Thread 0x00000268b907c9e0 DEOPT PACKING pc=0x00000268a9f987e4 sp=0x0000008e2fafb820
Event: 12.912 Thread 0x00000268b907c9e0 DEOPT UNPACKING pc=0x00000268a99f66a3 sp=0x0000008e2fafb7a0 mode 2
Event: 13.096 Thread 0x00000268b9390910 Uncommon trap: trap_request=0xffffff66 fr.pc=0x00000268aa0b9d18 relative=0x00000000000000f8
Event: 13.096 Thread 0x00000268b9390910 Uncommon trap: reason=speculate_class_check action=maybe_recompile pc=0x00000268aa0b9d18 method=java.util.regex.Pattern$CharPredicate.lambda$negate$3(I)Z @ 2 c2
Event: 13.096 Thread 0x00000268b9390910 DEOPT PACKING pc=0x00000268aa0b9d18 sp=0x0000008e2fffe580
Event: 13.096 Thread 0x00000268b9390910 DEOPT UNPACKING pc=0x00000268a99f66a3 sp=0x0000008e2fffe4a0 mode 2
Event: 13.096 Thread 0x00000268b9390910 Uncommon trap: trap_request=0xffffff66 fr.pc=0x00000268aa0b9d18 relative=0x00000000000000f8
Event: 13.096 Thread 0x00000268b9390910 Uncommon trap: reason=speculate_class_check action=maybe_recompile pc=0x00000268aa0b9d18 method=java.util.regex.Pattern$CharPredicate.lambda$negate$3(I)Z @ 2 c2
Event: 13.096 Thread 0x00000268b9390910 DEOPT PACKING pc=0x00000268aa0b9d18 sp=0x0000008e2fffe580
Event: 13.096 Thread 0x00000268b9390910 DEOPT UNPACKING pc=0x00000268a99f66a3 sp=0x0000008e2fffe4a0 mode 2
Event: 13.096 Thread 0x00000268b9390910 Uncommon trap: trap_request=0xffffff66 fr.pc=0x00000268aa0b9d18 relative=0x00000000000000f8
Event: 13.096 Thread 0x00000268b9390910 Uncommon trap: reason=speculate_class_check action=maybe_recompile pc=0x00000268aa0b9d18 method=java.util.regex.Pattern$CharPredicate.lambda$negate$3(I)Z @ 2 c2
Event: 13.096 Thread 0x00000268b9390910 DEOPT PACKING pc=0x00000268aa0b9d18 sp=0x0000008e2fffe580
Event: 13.096 Thread 0x00000268b9390910 DEOPT UNPACKING pc=0x00000268a99f66a3 sp=0x0000008e2fffe4a0 mode 2
Event: 13.096 Thread 0x00000268b9390910 Uncommon trap: trap_request=0xffffff66 fr.pc=0x00000268aa0b9d18 relative=0x00000000000000f8
Event: 13.096 Thread 0x00000268b9390910 Uncommon trap: reason=speculate_class_check action=maybe_recompile pc=0x00000268aa0b9d18 method=java.util.regex.Pattern$CharPredicate.lambda$negate$3(I)Z @ 2 c2
Event: 13.096 Thread 0x00000268b9390910 DEOPT PACKING pc=0x00000268aa0b9d18 sp=0x0000008e2fffe580
Event: 13.096 Thread 0x00000268b9390910 DEOPT UNPACKING pc=0x00000268a99f66a3 sp=0x0000008e2fffe4a0 mode 2
Event: 13.181 Thread 0x00000268b9390910 DEOPT PACKING pc=0x00000268a2d23e59 sp=0x0000008e2fffe510
Event: 13.181 Thread 0x00000268b9390910 DEOPT UNPACKING pc=0x00000268a99f6e43 sp=0x0000008e2fffd968 mode 0

Classes unloaded (7 events):
Event: 8.617 Thread 0x000002689f886b50 Unloading class 0x0000000100250400 'java/lang/invoke/LambdaForm$MH+0x0000000100250400'
Event: 8.617 Thread 0x000002689f886b50 Unloading class 0x0000000100250000 'java/lang/invoke/LambdaForm$MH+0x0000000100250000'
Event: 8.617 Thread 0x000002689f886b50 Unloading class 0x000000010024fc00 'java/lang/invoke/LambdaForm$MH+0x000000010024fc00'
Event: 8.617 Thread 0x000002689f886b50 Unloading class 0x000000010024f800 'java/lang/invoke/LambdaForm$MH+0x000000010024f800'
Event: 8.617 Thread 0x000002689f886b50 Unloading class 0x000000010024f400 'java/lang/invoke/LambdaForm$BMH+0x000000010024f400'
Event: 8.617 Thread 0x000002689f886b50 Unloading class 0x000000010024f000 'java/lang/invoke/LambdaForm$DMH+0x000000010024f000'
Event: 8.617 Thread 0x000002689f886b50 Unloading class 0x000000010024c400 'java/lang/invoke/LambdaForm$DMH+0x000000010024c400'

Classes redefined (0 events):
No events

Internal exceptions (20 events):
Event: 10.893 Thread 0x00000268b907c9e0 Exception <a 'java/lang/NoSuchMethodError'{0x00000000ebbe8888}: 'java.lang.Object java.lang.invoke.DirectMethodHandle$Holder.invokeSpecial(java.lang.Object, java.lang.Object, java.lang.Object, java.lang.Object, java.lang.Object, java.lang.Object, java.lang.Object, java.lang.Object, java.lang.Object, java.lang.Object)'> (0x00000000ebbe8888) 
thrown [s\src\hotspot\share\interpreter\linkResolver.cpp, line 759]
Event: 10.893 Thread 0x00000268b907c9e0 Exception <a 'java/lang/NoSuchMethodError'{0x00000000ebbedad8}: 'java.lang.Object java.lang.invoke.Invokers$Holder.invoke_MT(java.lang.Object, java.lang.Object, java.lang.Object, java.lang.Object, java.lang.Object, java.lang.Object, java.lang.Object, java.lang.Object, java.lang.Object, java.lang.Object)'> (0x00000000ebbedad8) 
thrown [s\src\hotspot\share\interpreter\linkResolver.cpp, line 759]
Event: 10.908 Thread 0x00000268b907c9e0 Exception <a 'java/lang/NoSuchMethodError'{0x00000000ebc8c940}: 'java.lang.Object java.lang.invoke.DirectMethodHandle$Holder.newInvokeSpecial(java.lang.Object, java.lang.Object, java.lang.Object, java.lang.Object, java.lang.Object, java.lang.Object, java.lang.Object)'> (0x00000000ebc8c940) 
thrown [s\src\hotspot\share\interpreter\linkResolver.cpp, line 759]
Event: 10.916 Thread 0x00000268b907c9e0 Exception <a 'java/lang/NoSuchMethodError'{0x00000000ebcfa528}: 'java.lang.Object java.lang.invoke.DirectMethodHandle$Holder.invokeSpecial(java.lang.Object, java.lang.Object, java.lang.Object, java.lang.Object, java.lang.Object, java.lang.Object, java.lang.Object, java.lang.Object, java.lang.Object, java.lang.Object, java.lang.Object, java.lang.Object, java.lang.Object)'> (0x00000000ebcfa528) 
thrown [s\src\hotspot\share\interpreter\linkResolver.cpp, line 759]
Event: 10.916 Thread 0x00000268b907c9e0 Exception <a 'java/lang/NoSuchMethodError'{0x00000000ebd00058}: 'java.lang.Object java.lang.invoke.Invokers$Holder.invoker(java.lang.Object, java.lang.Object, java.lang.Object, java.lang.Object, java.lang.Object, java.lang.Object, java.lang.Object, java.lang.Object, java.lang.Object, java.lang.Object, java.lang.Object, java.lang.Object, java.lang.Object)'> (0x00000000ebd00058) 
thrown [s\src\hotspot\share\interpreter\linkResolver.cpp, line 759]
Event: 10.917 Thread 0x00000268b907c9e0 Exception <a 'java/lang/NoSuchMethodError'{0x00000000ebd06d58}: 'java.lang.Object java.lang.invoke.DirectMethodHandle$Holder.invokeSpecial(java.lang.Object, java.lang.Object, java.lang.Object, java.lang.Object, java.lang.Object, java.lang.Object, java.lang.Object, java.lang.Object, java.lang.Object, java.lang.Object, java.lang.Object, java.lang.Object, java.lang.Object, java.lang.Object)'> (0x00000000ebd06d58) 
thrown [s\src\hotspot\share\interpreter\linkResolver.cpp, line 759]
Event: 10.999 Thread 0x00000268b907c9e0 Exception <a 'java/lang/NoSuchMethodError'{0x00000000ebd6f0d0}: static Lorg/eclipse/m2e/core/internal/lifecyclemapping/model/PluginExecutionMetadata;.<clinit>()V> (0x00000000ebd6f0d0) 
thrown [s\src\hotspot\share\prims\jni.cpp, line 1107]
Event: 11.012 Thread 0x00000268b907c9e0 Exception <a 'java/lang/NoSuchMethodError'{0x00000000ebdcc7c0}: static Lorg/eclipse/m2e/core/internal/lifecyclemapping/model/PluginExecutionFilter;.<clinit>()V> (0x00000000ebdcc7c0) 
thrown [s\src\hotspot\share\prims\jni.cpp, line 1107]
Event: 11.019 Thread 0x00000268b907c9e0 Exception <a 'java/lang/NoSuchMethodError'{0x00000000ebe07248}: static Lorg/eclipse/m2e/core/internal/project/registry/MavenProjectFacade$MavenProjectConfiguration;.<clinit>()V> (0x00000000ebe07248) 
thrown [s\src\hotspot\share\prims\jni.cpp, line 1107]
Event: 11.933 Thread 0x00000268b907c9e0 Exception <a 'java/lang/NoSuchMethodError'{0x00000000ead67560}: 'java.lang.Object java.lang.invoke.DirectMethodHandle$Holder.newInvokeSpecial(java.lang.Object, int, java.lang.Object, java.lang.Object)'> (0x00000000ead67560) 
thrown [s\src\hotspot\share\interpreter\linkResolver.cpp, line 759]
Event: 12.020 Thread 0x00000268b907c9e0 Exception <a 'java/lang/ClassNotFoundException'{0x00000000eaffdf98}: com/sun/org/apache/xerces/internal/impl/msg/spi/DOMMessagesProvider> (0x00000000eaffdf98) 
thrown [s\src\hotspot\share\classfile\systemDictionary.cpp, line 256]
Event: 12.022 Thread 0x00000268b907c9e0 Exception <a 'java/lang/ClassNotFoundException'{0x00000000eb022110}: com/sun/org/apache/xerces/internal/impl/msg/spi/XMLSerializerMessagesProvider> (0x00000000eb022110) 
thrown [s\src\hotspot\share\classfile\systemDictionary.cpp, line 256]
Event: 12.027 Thread 0x00000268b907c9e0 Exception <a 'java/lang/ClassNotFoundException'{0x00000000eb03b818}: com/sun/org/apache/xerces/internal/impl/msg/spi/XMLMessagesProvider> (0x00000000eb03b818) 
thrown [s\src\hotspot\share\classfile\systemDictionary.cpp, line 256]
Event: 12.174 Thread 0x00000268b907c9e0 Exception <a 'java/lang/NoSuchMethodError'{0x00000000eb511778}: 'java.lang.Object java.lang.invoke.DirectMethodHandle$Holder.invokeStaticInit(java.lang.Object, int, int, int, int)'> (0x00000000eb511778) 
thrown [s\src\hotspot\share\interpreter\linkResolver.cpp, line 759]
Event: 12.185 Thread 0x00000268b9390910 Exception <a 'java/lang/NoSuchMethodError'{0x00000000eb5c82c8}: 'java.lang.Object java.lang.invoke.DirectMethodHandle$Holder.invokeSpecialIFC(java.lang.Object, java.lang.Object, java.lang.Object, java.lang.Object)'> (0x00000000eb5c82c8) 
thrown [s\src\hotspot\share\interpreter\linkResolver.cpp, line 759]
Event: 12.446 Thread 0x00000268b907c9e0 Exception <a 'java/lang/NoSuchMethodError'{0x00000000eab07be0}: 'java.lang.Object java.lang.invoke.DirectMethodHandle$Holder.invokeStaticInit(java.lang.Object, java.lang.Object, int, int, int, int)'> (0x00000000eab07be0) 
thrown [s\src\hotspot\share\interpreter\linkResolver.cpp, line 759]
Event: 12.481 Thread 0x00000268b9390910 Exception <a 'java/lang/NoSuchMethodError'{0x00000000eae04b20}: 'int java.lang.invoke.DirectMethodHandle$Holder.invokeSpecialIFC(java.lang.Object, java.lang.Object, java.lang.Object, java.lang.Object, java.lang.Object)'> (0x00000000eae04b20) 
thrown [s\src\hotspot\share\interpreter\linkResolver.cpp, line 759]
Event: 12.587 Thread 0x00000268b907c9e0 Exception <a 'java/lang/ClassNotFoundException'{0x00000000eb3af6c0}: com/sun/org/apache/xml/internal/serializer/spi/XMLEntitiesProvider> (0x00000000eb3af6c0) 
thrown [s\src\hotspot\share\classfile\systemDictionary.cpp, line 256]
Event: 12.715 Thread 0x00000268b9390910 Exception <a 'java/lang/NoClassDefFoundError'{0x00000000eb941108}: javax/enterprise/inject/Typed> (0x00000000eb941108) 
thrown [s\src\hotspot\share\classfile\systemDictionary.cpp, line 245]
Event: 12.860 Thread 0x00000268b907c9e0 Exception <a 'java/io/FileNotFoundException'{0x00000000ebcee3c0}> (0x00000000ebcee3c0) 
thrown [s\src\hotspot\share\prims\jni.cpp, line 516]

VM Operations (20 events):
Event: 11.972 Executing VM operation: HandshakeAllThreads
Event: 11.972 Executing VM operation: HandshakeAllThreads done
Event: 12.115 Executing VM operation: HandshakeAllThreads
Event: 12.152 Executing VM operation: HandshakeAllThreads done
Event: 12.158 Executing VM operation: HandshakeAllThreads
Event: 12.158 Executing VM operation: HandshakeAllThreads done
Event: 12.214 Executing VM operation: HandshakeAllThreads
Event: 12.214 Executing VM operation: HandshakeAllThreads done
Event: 12.326 Executing VM operation: HandshakeAllThreads
Event: 12.326 Executing VM operation: HandshakeAllThreads done
Event: 12.399 Executing VM operation: CollectForMetadataAllocation
Event: 12.444 Executing VM operation: CollectForMetadataAllocation done
Event: 12.509 Executing VM operation: HandshakeAllThreads
Event: 12.509 Executing VM operation: HandshakeAllThreads done
Event: 12.656 Executing VM operation: HandshakeAllThreads
Event: 12.656 Executing VM operation: HandshakeAllThreads done
Event: 12.681 Executing VM operation: HandshakeAllThreads
Event: 12.702 Executing VM operation: HandshakeAllThreads done
Event: 12.914 Executing VM operation: ParallelGCFailedAllocation
Event: 12.918 Executing VM operation: ParallelGCFailedAllocation done

Events (20 events):
Event: 12.802 loading class com/sun/org/apache/xml/internal/serializer/WriterToUTF8Buffered
Event: 12.802 loading class com/sun/org/apache/xml/internal/serializer/WriterChain
Event: 12.802 loading class com/sun/org/apache/xml/internal/serializer/WriterChain done
Event: 12.803 loading class com/sun/org/apache/xml/internal/serializer/WriterToUTF8Buffered done
Event: 12.803 loading class com/sun/org/apache/xml/internal/serializer/WriterToASCI
Event: 12.803 loading class com/sun/org/apache/xml/internal/serializer/WriterToASCI done
Event: 12.839 loading class java/io/FileOutputStream$1
Event: 12.839 loading class java/io/FileOutputStream$1 done
Event: 12.888 loading class jdk/internal/access/foreign/MemorySegmentProxy
Event: 12.888 loading class jdk/internal/access/foreign/MemorySegmentProxy done
Event: 12.893 loading class java/nio/charset/IllegalCharsetNameException
Event: 12.894 loading class java/nio/charset/IllegalCharsetNameException done
Event: 12.913 loading class java/io/File$TempDirectory
Event: 12.913 loading class java/io/File$TempDirectory done
Event: 12.973 loading class sun/reflect/generics/reflectiveObjects/TypeVariableImpl
Event: 12.973 loading class sun/reflect/generics/reflectiveObjects/LazyReflectiveObjectGenerator
Event: 12.974 loading class sun/reflect/generics/reflectiveObjects/LazyReflectiveObjectGenerator done
Event: 12.974 loading class sun/reflect/generics/reflectiveObjects/TypeVariableImpl done
Event: 12.974 loading class sun/reflect/generics/reflectiveObjects/ParameterizedTypeImpl
Event: 12.974 loading class sun/reflect/generics/reflectiveObjects/ParameterizedTypeImpl done


Dynamic libraries:
0x00007ff63e330000 - 0x00007ff63e33e000 	c:\Users\paulo\.vscode\extensions\redhat.java-1.27.0-win32-x64\jre\17.0.10-win32-x86_64\bin\java.exe
0x00007ff8cd070000 - 0x00007ff8cd287000 	C:\WINDOWS\SYSTEM32\ntdll.dll
0x00007ff8cc0d0000 - 0x00007ff8cc194000 	C:\WINDOWS\System32\KERNEL32.DLL
0x00007ff8ca7c0000 - 0x00007ff8cab66000 	C:\WINDOWS\System32\KERNELBASE.dll
0x00007ff8ca3b0000 - 0x00007ff8ca4c1000 	C:\WINDOWS\System32\ucrtbase.dll
0x00007ff8b21a0000 - 0x00007ff8b21b7000 	c:\Users\paulo\.vscode\extensions\redhat.java-1.27.0-win32-x64\jre\17.0.10-win32-x86_64\bin\jli.dll
0x00007ff8cb9d0000 - 0x00007ff8cbb7e000 	C:\WINDOWS\System32\USER32.dll
0x00007ff8ca620000 - 0x00007ff8ca646000 	C:\WINDOWS\System32\win32u.dll
0x00007ff8cbc30000 - 0x00007ff8cbc59000 	C:\WINDOWS\System32\GDI32.dll
0x00007ff8caca0000 - 0x00007ff8cadb8000 	C:\WINDOWS\System32\gdi32full.dll
0x00007ff8ca580000 - 0x00007ff8ca61a000 	C:\WINDOWS\System32\msvcp_win.dll
0x00007ff8a5200000 - 0x00007ff8a521b000 	c:\Users\paulo\.vscode\extensions\redhat.java-1.27.0-win32-x64\jre\17.0.10-win32-x86_64\bin\VCRUNTIME140.dll
0x00007ff8b1060000 - 0x00007ff8b12f3000 	C:\WINDOWS\WinSxS\amd64_microsoft.windows.common-controls_6595b64144ccf1df_6.0.22621.2506_none_270c5ae97388e100\COMCTL32.dll
0x00007ff8ccf80000 - 0x00007ff8cd027000 	C:\WINDOWS\System32\msvcrt.dll
0x00007ff8cb7f0000 - 0x00007ff8cb821000 	C:\WINDOWS\System32\IMM32.DLL
0x00007ff8afba0000 - 0x00007ff8afbac000 	c:\Users\paulo\.vscode\extensions\redhat.java-1.27.0-win32-x64\jre\17.0.10-win32-x86_64\bin\vcruntime140_1.dll
0x00007ff884bf0000 - 0x00007ff884c7d000 	c:\Users\paulo\.vscode\extensions\redhat.java-1.27.0-win32-x64\jre\17.0.10-win32-x86_64\bin\msvcp140.dll
0x00007ff8620a0000 - 0x00007ff862d02000 	c:\Users\paulo\.vscode\extensions\redhat.java-1.27.0-win32-x64\jre\17.0.10-win32-x86_64\bin\server\jvm.dll
0x00007ff8cbe40000 - 0x00007ff8cbef3000 	C:\WINDOWS\System32\ADVAPI32.dll
0x00007ff8cbb80000 - 0x00007ff8cbc28000 	C:\WINDOWS\System32\sechost.dll
0x00007ff8ca4d0000 - 0x00007ff8ca4f8000 	C:\WINDOWS\System32\bcrypt.dll
0x00007ff8cb5b0000 - 0x00007ff8cb6c7000 	C:\WINDOWS\System32\RPCRT4.dll
0x00007ff8ca020000 - 0x00007ff8ca06d000 	C:\WINDOWS\SYSTEM32\POWRPROF.dll
0x00007ff8c5c20000 - 0x00007ff8c5c29000 	C:\WINDOWS\SYSTEM32\WSOCK32.dll
0x00007ff8cbdc0000 - 0x00007ff8cbe31000 	C:\WINDOWS\System32\WS2_32.dll
0x00007ff8b7f30000 - 0x00007ff8b7f64000 	C:\WINDOWS\SYSTEM32\WINMM.dll
0x00007ff8c3490000 - 0x00007ff8c349a000 	C:\WINDOWS\SYSTEM32\VERSION.dll
0x00007ff8c9e20000 - 0x00007ff8c9e33000 	C:\WINDOWS\SYSTEM32\UMPDC.dll
0x00007ff8c93b0000 - 0x00007ff8c93c8000 	C:\WINDOWS\SYSTEM32\kernel.appcore.dll
0x00007ff8ae950000 - 0x00007ff8ae95a000 	c:\Users\paulo\.vscode\extensions\redhat.java-1.27.0-win32-x64\jre\17.0.10-win32-x86_64\bin\jimage.dll
0x00007ff8c3c40000 - 0x00007ff8c3e73000 	C:\WINDOWS\SYSTEM32\DBGHELP.DLL
0x00007ff8ccbc0000 - 0x00007ff8ccf49000 	C:\WINDOWS\System32\combase.dll
0x00007ff8cb890000 - 0x00007ff8cb967000 	C:\WINDOWS\System32\OLEAUT32.dll
0x00007ff8b1020000 - 0x00007ff8b1052000 	C:\WINDOWS\SYSTEM32\dbgcore.DLL
0x00007ff8ca500000 - 0x00007ff8ca57a000 	C:\WINDOWS\System32\bcryptPrimitives.dll
0x00007ff8ae8c0000 - 0x00007ff8ae8ce000 	c:\Users\paulo\.vscode\extensions\redhat.java-1.27.0-win32-x64\jre\17.0.10-win32-x86_64\bin\instrument.dll
0x00007ff8a3700000 - 0x00007ff8a3725000 	c:\Users\paulo\.vscode\extensions\redhat.java-1.27.0-win32-x64\jre\17.0.10-win32-x86_64\bin\java.dll
0x00007ff8a4c10000 - 0x00007ff8a4c28000 	c:\Users\paulo\.vscode\extensions\redhat.java-1.27.0-win32-x64\jre\17.0.10-win32-x86_64\bin\zip.dll
0x00007ff8cc1a0000 - 0x00007ff8cc9fb000 	C:\WINDOWS\System32\SHELL32.dll
0x00007ff8c82c0000 - 0x00007ff8c8bb6000 	C:\WINDOWS\SYSTEM32\windows.storage.dll
0x00007ff8c8180000 - 0x00007ff8c82be000 	C:\WINDOWS\SYSTEM32\wintypes.dll
0x00007ff8cbfd0000 - 0x00007ff8cc0c3000 	C:\WINDOWS\System32\SHCORE.dll
0x00007ff8cb830000 - 0x00007ff8cb88e000 	C:\WINDOWS\System32\shlwapi.dll
0x00007ff8ca2e0000 - 0x00007ff8ca306000 	C:\WINDOWS\SYSTEM32\profapi.dll
0x00007ff8a3320000 - 0x00007ff8a3339000 	C:\Users\paulo\.vscode\extensions\redhat.java-1.27.0-win32-x64\jre\17.0.10-win32-x86_64\bin\net.dll
0x00007ff8c4260000 - 0x00007ff8c4397000 	C:\WINDOWS\SYSTEM32\WINHTTP.dll
0x00007ff8c9830000 - 0x00007ff8c9899000 	C:\WINDOWS\system32\mswsock.dll
0x00007ff89dcb0000 - 0x00007ff89dcc6000 	C:\Users\paulo\.vscode\extensions\redhat.java-1.27.0-win32-x64\jre\17.0.10-win32-x86_64\bin\nio.dll
0x00007ff8ab8d0000 - 0x00007ff8ab8e0000 	c:\Users\paulo\.vscode\extensions\redhat.java-1.27.0-win32-x64\jre\17.0.10-win32-x86_64\bin\verify.dll
0x00007ff8899a0000 - 0x00007ff8899de000 	C:\Users\paulo\AppData\Roaming\Code\User\globalStorage\redhat.java\1.27.0\config_win\org.eclipse.equinox.launcher\org.eclipse.equinox.launcher.win32.win32.x86_64_1.2.900.v20240129-1338\eclipse_11900.dll
0x00007ff8cae10000 - 0x00007ff8cafb0000 	C:\WINDOWS\System32\ole32.dll
0x00007ff8c9ac0000 - 0x00007ff8c9adb000 	C:\WINDOWS\SYSTEM32\CRYPTSP.dll
0x00007ff8c9310000 - 0x00007ff8c9345000 	C:\WINDOWS\system32\rsaenh.dll
0x00007ff8c9940000 - 0x00007ff8c996c000 	C:\WINDOWS\SYSTEM32\USERENV.dll
0x00007ff8c9ae0000 - 0x00007ff8c9aec000 	C:\WINDOWS\SYSTEM32\CRYPTBASE.dll
0x00007ff8c8e20000 - 0x00007ff8c8e4d000 	C:\WINDOWS\SYSTEM32\IPHLPAPI.DLL
0x00007ff8cb7e0000 - 0x00007ff8cb7e9000 	C:\WINDOWS\System32\NSI.dll
0x00007ff8c45f0000 - 0x00007ff8c4609000 	C:\WINDOWS\SYSTEM32\dhcpcsvc6.DLL
0x00007ff8c4220000 - 0x00007ff8c423f000 	C:\WINDOWS\SYSTEM32\dhcpcsvc.DLL
0x00007ff8c8e50000 - 0x00007ff8c8f49000 	C:\WINDOWS\SYSTEM32\DNSAPI.dll
0x00007ff885dd0000 - 0x00007ff885e15000 	C:\Users\paulo\AppData\Local\Temp\jna-106439975\jna8896676058192361832.dll
0x00007ff8ccf50000 - 0x00007ff8ccf58000 	C:\WINDOWS\System32\PSAPI.DLL

dbghelp: loaded successfully - version: 4.0.5 - missing functions: none
symbol engine: initialized successfully - sym options: 0x614 - pdb path: .;c:\Users\paulo\.vscode\extensions\redhat.java-1.27.0-win32-x64\jre\17.0.10-win32-x86_64\bin;C:\WINDOWS\SYSTEM32;C:\WINDOWS\WinSxS\amd64_microsoft.windows.common-controls_6595b64144ccf1df_6.0.22621.2506_none_270c5ae97388e100;c:\Users\paulo\.vscode\extensions\redhat.java-1.27.0-win32-x64\jre\17.0.10-win32-x86_64\bin\server;C:\Users\paulo\AppData\Roaming\Code\User\globalStorage\redhat.java\1.27.0\config_win\org.eclipse.equinox.launcher\org.eclipse.equinox.launcher.win32.win32.x86_64_1.2.900.v20240129-1338;C:\Users\paulo\AppData\Local\Temp\jna-106439975

VM Arguments:
jvm_args: --add-modules=ALL-SYSTEM --add-opens=java.base/java.util=ALL-UNNAMED --add-opens=java.base/java.lang=ALL-UNNAMED --add-opens=java.base/sun.nio.fs=ALL-UNNAMED -Declipse.application=org.eclipse.jdt.ls.core.id1 -Dosgi.bundles.defaultStartLevel=4 -Declipse.product=org.eclipse.jdt.ls.core.product -Djava.import.generatesMetadataFilesAtProjectRoot=false -DDetectVMInstallationsJob.disabled=true -Dfile.encoding=utf8 -XX:+UseParallelGC -XX:GCTimeRatio=4 -XX:AdaptiveSizePolicyWeight=90 -Dsun.zip.disableMemoryMapping=true -Xmx1G -Xms100m -Xlog:disable -javaagent:c:\Users\paulo\.vscode\extensions\redhat.java-1.27.0-win32-x64\lombok\lombok-1.18.31.jar -XX:+HeapDumpOnOutOfMemoryError -XX:HeapDumpPath=c:\Users\paulo\AppData\Roaming\Code\User\workspaceStorage\9c48622b7dc99cda220db19437c6b508\redhat.java -Daether.dependencyCollector.impl=bf 
java_command: c:\Users\paulo\.vscode\extensions\redhat.java-1.27.0-win32-x64\server\plugins\org.eclipse.equinox.launcher_1.6.700.v20231214-2017.jar -configuration c:\Users\paulo\AppData\Roaming\Code\User\globalStorage\redhat.java\1.27.0\config_win -data c:\Users\paulo\AppData\Roaming\Code\User\workspaceStorage\9c48622b7dc99cda220db19437c6b508\redhat.java\jdt_ws --stdio
java_class_path (initial): c:\Users\paulo\.vscode\extensions\redhat.java-1.27.0-win32-x64\server\plugins\org.eclipse.equinox.launcher_1.6.700.v20231214-2017.jar
Launcher Type: SUN_STANDARD

[Global flags]
    uintx AdaptiveSizePolicyWeight                 = 90                                        {product} {command line}
     intx CICompilerCount                          = 3                                         {product} {ergonomic}
    uintx GCTimeRatio                              = 4                                         {product} {command line}
     bool HeapDumpOnOutOfMemoryError               = true                                   {manageable} {command line}
    ccstr HeapDumpPath                             = c:\Users\paulo\AppData\Roaming\Code\User\workspaceStorage\9c48622b7dc99cda220db19437c6b508\redhat.java         {manageable} {command line}
   size_t InitialHeapSize                          = 104857600                                 {product} {command line}
   size_t MaxHeapSize                              = 1073741824                                {product} {command line}
   size_t MaxNewSize                               = 357564416                                 {product} {ergonomic}
   size_t MinHeapDeltaBytes                        = 524288                                    {product} {ergonomic}
   size_t MinHeapSize                              = 104857600                                 {product} {command line}
   size_t NewSize                                  = 34603008                                  {product} {ergonomic}
    uintx NonNMethodCodeHeapSize                   = 5832780                                {pd product} {ergonomic}
    uintx NonProfiledCodeHeapSize                  = 122912730                              {pd product} {ergonomic}
   size_t OldSize                                  = 70254592                                  {product} {ergonomic}
    uintx ProfiledCodeHeapSize                     = 122912730                              {pd product} {ergonomic}
    uintx ReservedCodeCacheSize                    = 251658240                              {pd product} {ergonomic}
     bool SegmentedCodeCache                       = true                                      {product} {ergonomic}
   size_t SoftMaxHeapSize                          = 1073741824                             {manageable} {ergonomic}
     bool UseCompressedClassPointers               = true                           {product lp64_product} {ergonomic}
     bool UseCompressedOops                        = true                           {product lp64_product} {ergonomic}
     bool UseLargePagesIndividualAllocation        = false                                  {pd product} {ergonomic}
     bool UseParallelGC                            = true                                      {product} {command line}

Logging:
Log output configuration:
 #0: stdout all=off uptime,level,tags
 #1: stderr all=off uptime,level,tags

Environment Variables:
JAVA_HOME=C:\Program Files\Java\jdk-17
PATH=C:\Program Files\Common Files\Oracle\Java\javapath;C:\Program Files\Amazon Corretto\jdk17.0.7_7\bin;C:\Program Files (x86)\Common Files\Oracle\Java\javapath;C:\php;C:\WINDOWS\System32\OpenSSH\;C:\Program Files\dotnet\;C:\Program Files\nodejs\;C:\Program Files\Git\cmd;C:\Program Files\MATLAB\R2023b\runtime\win64;C:\Program Files\MATLAB\R2023b\bin;C:\Program Files (x86)\Microsoft SQL Server\160\Tools\Binn\;C:\Program Files\Microsoft SQL Server\160\Tools\Binn\;C:\Program Files\Microsoft SQL Server\Client SDK\ODBC\170\Tools\Binn\;C:\Program Files\Microsoft SQL Server\160\DTS\Binn\;C:\Program Files (x86)\Microsoft SQL Server\160\DTS\Binn\;C:\Program Files\Azure Data Studio\bin;C:\Program Files\PowerShell\7\;C:\Program Files\Docker\Docker\resources\bin;C:\Program Files\MySQL\MySQL Shell 8.3\bin\;C:\Users\paulo\AppData\Local\Programs\Python\Python310\;C:\Users\paulo\AppData\Local\Microsoft\WindowsApps;C:\php;C:\Users\paulo\AppData\Local\Programs\Microsoft VS Code\bin;C:\Users\paulo\.dotnet\tools;C:\Program Files\Azure Data Studio\bin;C:\apache-maven-3.9.6\bin;C:\Program Files\Java\jdk-17\bin;
USERNAME=paulo
OS=Windows_NT
PROCESSOR_IDENTIFIER=Intel64 Family 6 Model 142 Stepping 12, GenuineIntel
TMP=C:\Users\paulo\AppData\Local\Temp
TEMP=C:\Users\paulo\AppData\Local\Temp



Periodic native trim disabled


---------------  S Y S T E M  ---------------

OS:
 Windows 11 , 64 bit Build 22621 (10.0.22621.3085)
OS uptime: 4 days 2:53 hours
Hyper-V role detected

CPU: total 4 (initial active 4) (2 cores per cpu, 2 threads per core) family 6 model 142 stepping 12 microcode 0xec, cx8, cmov, fxsr, ht, mmx, 3dnowpref, sse, sse2, sse3, ssse3, sse4.1, sse4.2, popcnt, lzcnt, tsc, tscinvbit, avx, avx2, aes, erms, clmul, bmi1, bmi2, adx, fma, vzeroupper, clflush, clflushopt, hv
Processor Information for all 4 processors :
  Max Mhz: 2592, Current Mhz: 2093, Mhz Limit: 2073

Memory: 4k page, system-wide physical 3930M (133M free)
TotalPageFile size 16218M (AvailPageFile size 70M)
current process WorkingSet (physical memory assigned to process): 158M, peak: 158M
current process commit charge ("private bytes"): 250M, peak: 250M

vm_info: OpenJDK 64-Bit Server VM (17.0.10+7) for windows-amd64 JRE (17.0.10+7), built on Jan 16 2024 23:25:11 by "admin" with MS VC++ 16.10 / 16.11 (VS2019)

END.
